{"/Users/berryai/english_tool/frontend/src/App.tsx": {"path":"/Users/berryai/english_tool/frontend/src/App.tsx","statementMap":{"0":{"start":{"line":14,"column":28},"end":{"line":14,"column":null}},"1":{"start":{"line":15,"column":18},"end":{"line":15,"column":null}},"2":{"start":{"line":18,"column":31},"end":{"line":18,"column":null}},"3":{"start":{"line":21,"column":15},"end":{"line":21,"column":null}},"4":{"start":{"line":22,"column":2},"end":{"line":22,"column":null}},"5":{"start":{"line":26,"column":15},"end":{"line":26,"column":60}},"6":{"start":{"line":27,"column":31},"end":{"line":27,"column":52}},"7":{"start":{"line":29,"column":8},"end":{"line":31,"column":null}},"8":{"start":{"line":30,"column":4},"end":{"line":30,"column":null}},"9":{"start":{"line":31,"column":4},"end":{"line":31,"column":null}},"10":{"start":{"line":34,"column":2},"end":{"line":38,"column":null}},"11":{"start":{"line":35,"column":10},"end":{"line":35,"column":52}},"12":{"start":{"line":35,"column":26},"end":{"line":35,"column":52}},"13":{"start":{"line":36,"column":4},"end":{"line":36,"column":null}},"14":{"start":{"line":37,"column":4},"end":{"line":37,"column":null}},"15":{"start":{"line":37,"column":17},"end":{"line":37,"column":66}},"16":{"start":{"line":40,"column":2},"end":{"line":44,"column":null}},"17":{"start":{"line":41,"column":4},"end":{"line":44,"column":null}},"18":{"start":{"line":48,"column":2},"end":{"line":72,"column":null}},"19":{"start":{"line":49,"column":4},"end":{"line":72,"column":null}},"20":{"start":{"line":64,"column":16},"end":{"line":65,"column":null}},"21":{"start":{"line":65,"column":18},"end":{"line":65,"column":null}},"22":{"start":{"line":65,"column":57},"end":{"line":65,"column":78}},"23":{"start":{"line":68,"column":29},"end":{"line":68,"column":null}},"24":{"start":{"line":76,"column":2},"end":{"line":133,"column":null}},"25":{"start":{"line":95,"column":34},"end":{"line":95,"column":58}}},"fnMap":{"0":{"name":"getPageFromHash","decl":{"start":{"line":20,"column":9},"end":{"line":20,"column":36}},"loc":{"start":{"line":20,"column":36},"end":{"line":22,"column":null}},"line":20},"1":{"name":"App","decl":{"start":{"line":25,"column":9},"end":{"line":25,"column":15}},"loc":{"start":{"line":25,"column":15},"end":{"line":133,"column":null}},"line":25},"2":{"name":"(anonymous_2)","decl":{"start":{"line":29,"column":8},"end":{"line":29,"column":20}},"loc":{"start":{"line":29,"column":37},"end":{"line":31,"column":null}},"line":29},"3":{"name":"(anonymous_3)","decl":{"start":{"line":34,"column":2},"end":{"line":34,"column":18}},"loc":{"start":{"line":34,"column":18},"end":{"line":38,"column":7}},"line":34},"4":{"name":"(anonymous_4)","decl":{"start":{"line":35,"column":10},"end":{"line":35,"column":26}},"loc":{"start":{"line":35,"column":26},"end":{"line":35,"column":52}},"line":35},"5":{"name":"(anonymous_5)","decl":{"start":{"line":37,"column":4},"end":{"line":37,"column":17}},"loc":{"start":{"line":37,"column":17},"end":{"line":37,"column":66}},"line":37},"6":{"name":"(anonymous_6)","decl":{"start":{"line":63,"column":14},"end":{"line":63,"column":26}},"loc":{"start":{"line":63,"column":39},"end":{"line":65,"column":null}},"line":63},"7":{"name":"(anonymous_7)","decl":{"start":{"line":65,"column":45},"end":{"line":65,"column":57}},"loc":{"start":{"line":65,"column":57},"end":{"line":65,"column":78}},"line":65},"8":{"name":"(anonymous_8)","decl":{"start":{"line":68,"column":14},"end":{"line":68,"column":29}},"loc":{"start":{"line":68,"column":29},"end":{"line":68,"column":null}},"line":68},"9":{"name":"(anonymous_9)","decl":{"start":{"line":95,"column":12},"end":{"line":95,"column":22}},"loc":{"start":{"line":95,"column":34},"end":{"line":95,"column":58}},"line":95}},"branchMap":{"0":{"loc":{"start":{"line":22,"column":9},"end":{"line":22,"column":null}},"type":"cond-expr","locations":[{"start":{"line":22,"column":50},"end":{"line":22,"column":69}},{"start":{"line":22,"column":69},"end":{"line":22,"column":null}}],"line":22},"1":{"loc":{"start":{"line":40,"column":2},"end":{"line":44,"column":null}},"type":"if","locations":[{"start":{"line":40,"column":2},"end":{"line":44,"column":null}},{"start":{},"end":{}}],"line":40},"2":{"loc":{"start":{"line":48,"column":2},"end":{"line":72,"column":null}},"type":"if","locations":[{"start":{"line":48,"column":2},"end":{"line":72,"column":null}},{"start":{},"end":{}}],"line":48},"3":{"loc":{"start":{"line":64,"column":16},"end":{"line":65,"column":null}},"type":"if","locations":[{"start":{"line":64,"column":16},"end":{"line":65,"column":null}},{"start":{},"end":{}}],"line":64},"4":{"loc":{"start":{"line":109,"column":20},"end":{"line":109,"column":null}},"type":"cond-expr","locations":[{"start":{"line":109,"column":36},"end":{"line":109,"column":null}},{"start":{"line":109,"column":55},"end":{"line":109,"column":null}}],"line":109},"5":{"loc":{"start":{"line":125,"column":11},"end":{"line":125,"column":null}},"type":"binary-expr","locations":[{"start":{"line":125,"column":11},"end":{"line":125,"column":32}},{"start":{"line":125,"column":32},"end":{"line":125,"column":null}}],"line":125},"6":{"loc":{"start":{"line":126,"column":11},"end":{"line":126,"column":null}},"type":"binary-expr","locations":[{"start":{"line":126,"column":11},"end":{"line":126,"column":33}},{"start":{"line":126,"column":33},"end":{"line":126,"column":null}}],"line":126},"7":{"loc":{"start":{"line":127,"column":11},"end":{"line":127,"column":null}},"type":"binary-expr","locations":[{"start":{"line":127,"column":11},"end":{"line":127,"column":32}},{"start":{"line":127,"column":32},"end":{"line":127,"column":null}}],"line":127},"8":{"loc":{"start":{"line":128,"column":11},"end":{"line":128,"column":null}},"type":"binary-expr","locations":[{"start":{"line":128,"column":11},"end":{"line":128,"column":33}},{"start":{"line":128,"column":33},"end":{"line":128,"column":null}}],"line":128},"9":{"loc":{"start":{"line":129,"column":11},"end":{"line":129,"column":null}},"type":"binary-expr","locations":[{"start":{"line":129,"column":11},"end":{"line":129,"column":32}},{"start":{"line":129,"column":32},"end":{"line":129,"column":null}}],"line":129},"10":{"loc":{"start":{"line":130,"column":11},"end":{"line":130,"column":null}},"type":"binary-expr","locations":[{"start":{"line":130,"column":11},"end":{"line":130,"column":31}},{"start":{"line":130,"column":31},"end":{"line":130,"column":null}}],"line":130}},"s":{"0":1,"1":1,"2":1,"3":23,"4":23,"5":15,"6":15,"7":15,"8":5,"9":5,"10":15,"11":10,"12":13,"13":10,"14":10,"15":10,"16":15,"17":0,"18":15,"19":0,"20":0,"21":0,"22":0,"23":0,"24":15,"25":5},"f":{"0":23,"1":15,"2":5,"3":10,"4":13,"5":10,"6":0,"7":0,"8":0,"9":5},"b":{"0":[6,17],"1":[0,15],"2":[0,15],"3":[0,0],"4":[15,0],"5":[15,9],"6":[15,1],"7":[15,1],"8":[15,1],"9":[15,2],"10":[15,1]},"meta":{"lastBranch":11,"lastFunction":10,"lastStatement":26,"seen":{"s:14:28:14:Infinity":0,"s:15:18:15:Infinity":1,"s:18:31:18:Infinity":2,"f:20:9:20:36":0,"s:21:15:21:Infinity":3,"s:22:2:22:Infinity":4,"b:22:50:22:69:22:69:22:Infinity":0,"f:25:9:25:15":1,"s:26:15:26:60":5,"s:27:31:27:52":6,"s:29:8:31:Infinity":7,"f:29:8:29:20":2,"s:30:4:30:Infinity":8,"s:31:4:31:Infinity":9,"s:34:2:38:Infinity":10,"f:34:2:34:18":3,"s:35:10:35:52":11,"f:35:10:35:26":4,"s:35:26:35:52":12,"s:36:4:36:Infinity":13,"s:37:4:37:Infinity":14,"f:37:4:37:17":5,"s:37:17:37:66":15,"b:40:2:44:Infinity:undefined:undefined:undefined:undefined":1,"s:40:2:44:Infinity":16,"s:41:4:44:Infinity":17,"b:48:2:72:Infinity:undefined:undefined:undefined:undefined":2,"s:48:2:72:Infinity":18,"s:49:4:72:Infinity":19,"f:63:14:63:26":6,"b:64:16:65:Infinity:undefined:undefined:undefined:undefined":3,"s:64:16:65:Infinity":20,"s:65:18:65:Infinity":21,"f:65:45:65:57":7,"s:65:57:65:78":22,"f:68:14:68:29":8,"s:68:29:68:Infinity":23,"s:76:2:133:Infinity":24,"f:95:12:95:22":9,"s:95:34:95:58":25,"b:109:36:109:Infinity:109:55:109:Infinity":4,"b:125:11:125:32:125:32:125:Infinity":5,"b:126:11:126:33:126:33:126:Infinity":6,"b:127:11:127:32:127:32:127:Infinity":7,"b:128:11:128:33:128:33:128:Infinity":8,"b:129:11:129:32:129:32:129:Infinity":9,"b:130:11:130:31:130:31:130:Infinity":10}}}
,"/Users/berryai/english_tool/frontend/src/components/SpeakButton.tsx": {"path":"/Users/berryai/english_tool/frontend/src/components/SpeakButton.tsx","statementMap":{"0":{"start":{"line":10,"column":8},"end":{"line":16,"column":null}},"1":{"start":{"line":11,"column":4},"end":{"line":11,"column":null}},"2":{"start":{"line":11,"column":15},"end":{"line":11,"column":null}},"3":{"start":{"line":12,"column":22},"end":{"line":12,"column":56}},"4":{"start":{"line":13,"column":4},"end":{"line":13,"column":null}},"5":{"start":{"line":14,"column":4},"end":{"line":14,"column":null}},"6":{"start":{"line":15,"column":4},"end":{"line":15,"column":null}},"7":{"start":{"line":16,"column":4},"end":{"line":16,"column":null}},"8":{"start":{"line":19,"column":2},"end":{"line":26,"column":null}}},"fnMap":{"0":{"name":"SpeakButton","decl":{"start":{"line":9,"column":24},"end":{"line":9,"column":36}},"loc":{"start":{"line":9,"column":80},"end":{"line":26,"column":null}},"line":9},"1":{"name":"(anonymous_1)","decl":{"start":{"line":10,"column":8},"end":{"line":10,"column":28}},"loc":{"start":{"line":10,"column":28},"end":{"line":16,"column":null}},"line":10}},"branchMap":{"0":{"loc":{"start":{"line":9,"column":44},"end":{"line":9,"column":80}},"type":"default-arg","locations":[{"start":{"line":9,"column":51},"end":{"line":9,"column":80}}],"line":9},"1":{"loc":{"start":{"line":11,"column":4},"end":{"line":11,"column":null}},"type":"if","locations":[{"start":{"line":11,"column":4},"end":{"line":11,"column":null}},{"start":{},"end":{}}],"line":11}},"s":{"0":3,"1":2,"2":1,"3":1,"4":1,"5":1,"6":1,"7":1,"8":3},"f":{"0":3,"1":2},"b":{"0":[3],"1":[1,1]},"meta":{"lastBranch":2,"lastFunction":2,"lastStatement":9,"seen":{"f:9:24:9:36":0,"b:9:51:9:80":0,"s:10:8:16:Infinity":0,"f:10:8:10:28":1,"b:11:4:11:Infinity:undefined:undefined:undefined:undefined":1,"s:11:4:11:Infinity":1,"s:11:15:11:Infinity":2,"s:12:22:12:56":3,"s:13:4:13:Infinity":4,"s:14:4:14:Infinity":5,"s:15:4:15:Infinity":6,"s:16:4:16:Infinity":7,"s:19:2:26:Infinity":8}}}
,"/Users/berryai/english_tool/frontend/src/pages/ArticlePage.tsx": {"path":"/Users/berryai/english_tool/frontend/src/pages/ArticlePage.tsx","statementMap":{"0":{"start":{"line":40,"column":35},"end":{"line":40,"column":null}},"1":{"start":{"line":41,"column":21},"end":{"line":41,"column":null}},"2":{"start":{"line":44,"column":20},"end":{"line":44,"column":48}},"3":{"start":{"line":45,"column":15},"end":{"line":45,"column":69}},"4":{"start":{"line":46,"column":16},"end":{"line":46,"column":40}},"5":{"start":{"line":47,"column":18},"end":{"line":47,"column":47}},"6":{"start":{"line":48,"column":23},"end":{"line":48,"column":57}},"7":{"start":{"line":49,"column":23},"end":{"line":49,"column":57}},"8":{"start":{"line":50,"column":17},"end":{"line":50,"column":45}},"9":{"start":{"line":51,"column":17},"end":{"line":51,"column":76}},"10":{"start":{"line":54,"column":20},"end":{"line":54,"column":66}},"11":{"start":{"line":55,"column":19},"end":{"line":55,"column":49}},"12":{"start":{"line":56,"column":22},"end":{"line":56,"column":55}},"13":{"start":{"line":58,"column":25},"end":{"line":77,"column":null}},"14":{"start":{"line":59,"column":18},"end":{"line":62,"column":22}},"15":{"start":{"line":61,"column":18},"end":{"line":61,"column":26}},"16":{"start":{"line":63,"column":4},"end":{"line":65,"column":null}},"17":{"start":{"line":64,"column":6},"end":{"line":64,"column":null}},"18":{"start":{"line":65,"column":6},"end":{"line":65,"column":null}},"19":{"start":{"line":68,"column":4},"end":{"line":68,"column":null}},"20":{"start":{"line":69,"column":4},"end":{"line":69,"column":null}},"21":{"start":{"line":70,"column":4},"end":{"line":77,"column":null}},"22":{"start":{"line":71,"column":19},"end":{"line":71,"column":77}},"23":{"start":{"line":72,"column":6},"end":{"line":72,"column":null}},"24":{"start":{"line":73,"column":6},"end":{"line":73,"column":null}},"25":{"start":{"line":75,"column":6},"end":{"line":75,"column":null}},"26":{"start":{"line":77,"column":6},"end":{"line":77,"column":null}},"27":{"start":{"line":81,"column":21},"end":{"line":98,"column":null}},"28":{"start":{"line":82,"column":4},"end":{"line":82,"column":null}},"29":{"start":{"line":82,"column":17},"end":{"line":82,"column":null}},"30":{"start":{"line":83,"column":18},"end":{"line":83,"column":76}},"31":{"start":{"line":83,"column":51},"end":{"line":83,"column":59}},"32":{"start":{"line":84,"column":4},"end":{"line":84,"column":null}},"33":{"start":{"line":85,"column":4},"end":{"line":98,"column":null}},"34":{"start":{"line":86,"column":6},"end":{"line":93,"column":null}},"35":{"start":{"line":94,"column":6},"end":{"line":94,"column":null}},"36":{"start":{"line":96,"column":6},"end":{"line":96,"column":null}},"37":{"start":{"line":98,"column":6},"end":{"line":98,"column":null}},"38":{"start":{"line":102,"column":25},"end":{"line":111,"column":null}},"39":{"start":{"line":103,"column":4},"end":{"line":103,"column":null}},"40":{"start":{"line":104,"column":4},"end":{"line":104,"column":null}},"41":{"start":{"line":105,"column":4},"end":{"line":111,"column":null}},"42":{"start":{"line":106,"column":19},"end":{"line":106,"column":39}},"43":{"start":{"line":107,"column":6},"end":{"line":107,"column":null}},"44":{"start":{"line":109,"column":6},"end":{"line":109,"column":null}},"45":{"start":{"line":111,"column":6},"end":{"line":111,"column":null}},"46":{"start":{"line":115,"column":21},"end":{"line":129,"column":null}},"47":{"start":{"line":116,"column":4},"end":{"line":129,"column":null}},"48":{"start":{"line":117,"column":19},"end":{"line":117,"column":39}},"49":{"start":{"line":118,"column":6},"end":{"line":118,"column":null}},"50":{"start":{"line":119,"column":6},"end":{"line":119,"column":null}},"51":{"start":{"line":120,"column":6},"end":{"line":120,"column":null}},"52":{"start":{"line":121,"column":6},"end":{"line":125,"column":null}},"53":{"start":{"line":126,"column":6},"end":{"line":126,"column":null}},"54":{"start":{"line":127,"column":6},"end":{"line":127,"column":null}},"55":{"start":{"line":129,"column":6},"end":{"line":129,"column":null}},"56":{"start":{"line":133,"column":30},"end":{"line":139,"column":null}},"57":{"start":{"line":134,"column":4},"end":{"line":139,"column":null}},"58":{"start":{"line":135,"column":6},"end":{"line":135,"column":null}},"59":{"start":{"line":136,"column":6},"end":{"line":136,"column":null}},"60":{"start":{"line":136,"column":29},"end":{"line":136,"column":60}},"61":{"start":{"line":136,"column":48},"end":{"line":136,"column":60}},"62":{"start":{"line":137,"column":6},"end":{"line":137,"column":null}},"63":{"start":{"line":139,"column":6},"end":{"line":139,"column":null}},"64":{"start":{"line":143,"column":30},"end":{"line":153,"column":null}},"65":{"start":{"line":144,"column":4},"end":{"line":144,"column":null}},"66":{"start":{"line":144,"column":17},"end":{"line":144,"column":null}},"67":{"start":{"line":145,"column":4},"end":{"line":145,"column":null}},"68":{"start":{"line":146,"column":4},"end":{"line":153,"column":null}},"69":{"start":{"line":147,"column":19},"end":{"line":147,"column":56}},"70":{"start":{"line":148,"column":6},"end":{"line":148,"column":null}},"71":{"start":{"line":149,"column":6},"end":{"line":149,"column":null}},"72":{"start":{"line":151,"column":6},"end":{"line":151,"column":null}},"73":{"start":{"line":153,"column":6},"end":{"line":153,"column":null}},"74":{"start":{"line":157,"column":30},"end":{"line":167,"column":null}},"75":{"start":{"line":158,"column":4},"end":{"line":158,"column":null}},"76":{"start":{"line":158,"column":17},"end":{"line":158,"column":null}},"77":{"start":{"line":159,"column":4},"end":{"line":159,"column":null}},"78":{"start":{"line":160,"column":4},"end":{"line":167,"column":null}},"79":{"start":{"line":161,"column":19},"end":{"line":161,"column":56}},"80":{"start":{"line":162,"column":6},"end":{"line":162,"column":null}},"81":{"start":{"line":163,"column":6},"end":{"line":163,"column":null}},"82":{"start":{"line":165,"column":6},"end":{"line":165,"column":null}},"83":{"start":{"line":167,"column":6},"end":{"line":167,"column":null}},"84":{"start":{"line":171,"column":8},"end":{"line":174,"column":null}},"85":{"start":{"line":172,"column":10},"end":{"line":172,"column":45}},"86":{"start":{"line":173,"column":18},"end":{"line":173,"column":null}},"87":{"start":{"line":174,"column":4},"end":{"line":174,"column":null}},"88":{"start":{"line":177,"column":8},"end":{"line":188,"column":null}},"89":{"start":{"line":178,"column":4},"end":{"line":178,"column":null}},"90":{"start":{"line":178,"column":17},"end":{"line":178,"column":null}},"91":{"start":{"line":179,"column":22},"end":{"line":179,"column":null}},"92":{"start":{"line":180,"column":19},"end":{"line":180,"column":null}},"93":{"start":{"line":181,"column":17},"end":{"line":187,"column":19}},"94":{"start":{"line":183,"column":19},"end":{"line":183,"column":null}},"95":{"start":{"line":184,"column":19},"end":{"line":184,"column":null}},"96":{"start":{"line":185,"column":8},"end":{"line":185,"column":null}},"97":{"start":{"line":188,"column":4},"end":{"line":188,"column":null}},"98":{"start":{"line":191,"column":8},"end":{"line":193,"column":null}},"99":{"start":{"line":192,"column":4},"end":{"line":192,"column":null}},"100":{"start":{"line":193,"column":4},"end":{"line":193,"column":null}},"101":{"start":{"line":196,"column":8},"end":{"line":198,"column":null}},"102":{"start":{"line":197,"column":4},"end":{"line":197,"column":null}},"103":{"start":{"line":197,"column":17},"end":{"line":197,"column":null}},"104":{"start":{"line":198,"column":4},"end":{"line":198,"column":null}},"105":{"start":{"line":201,"column":35},"end":{"line":211,"column":null}},"106":{"start":{"line":202,"column":4},"end":{"line":202,"column":null}},"107":{"start":{"line":202,"column":17},"end":{"line":202,"column":null}},"108":{"start":{"line":203,"column":4},"end":{"line":211,"column":null}},"109":{"start":{"line":204,"column":18},"end":{"line":207,"column":null}},"110":{"start":{"line":209,"column":6},"end":{"line":209,"column":null}},"111":{"start":{"line":211,"column":6},"end":{"line":211,"column":null}},"112":{"start":{"line":215,"column":8},"end":{"line":231,"column":null}},"113":{"start":{"line":216,"column":4},"end":{"line":216,"column":null}},"114":{"start":{"line":216,"column":37},"end":{"line":216,"column":null}},"115":{"start":{"line":217,"column":20},"end":{"line":219,"column":null}},"116":{"start":{"line":218,"column":42},"end":{"line":218,"column":82}},"117":{"start":{"line":221,"column":18},"end":{"line":221,"column":37}},"118":{"start":{"line":222,"column":4},"end":{"line":231,"column":null}},"119":{"start":{"line":223,"column":6},"end":{"line":227,"column":null}},"120":{"start":{"line":223,"column":40},"end":{"line":223,"column":78}},"121":{"start":{"line":224,"column":8},"end":{"line":227,"column":null}},"122":{"start":{"line":230,"column":6},"end":{"line":230,"column":null}},"123":{"start":{"line":234,"column":2},"end":{"line":410,"column":null}},"124":{"start":{"line":249,"column":29},"end":{"line":249,"column":57}},"125":{"start":{"line":271,"column":43},"end":{"line":271,"column":null}},"126":{"start":{"line":301,"column":14},"end":{"line":303,"column":null}},"127":{"start":{"line":317,"column":14},"end":{"line":331,"column":null}},"128":{"start":{"line":375,"column":24},"end":{"line":375,"column":42}},"129":{"start":{"line":384,"column":12},"end":{"line":407,"column":null}},"130":{"start":{"line":386,"column":64},"end":{"line":386,"column":83}},"131":{"start":{"line":394,"column":33},"end":{"line":394,"column":null}}},"fnMap":{"0":{"name":"ArticlePage","decl":{"start":{"line":43,"column":24},"end":{"line":43,"column":38}},"loc":{"start":{"line":43,"column":38},"end":{"line":410,"column":null}},"line":43},"1":{"name":"(anonymous_1)","decl":{"start":{"line":58,"column":25},"end":{"line":58,"column":37}},"loc":{"start":{"line":58,"column":37},"end":{"line":77,"column":null}},"line":58},"2":{"name":"(anonymous_2)","decl":{"start":{"line":61,"column":7},"end":{"line":61,"column":12}},"loc":{"start":{"line":61,"column":18},"end":{"line":61,"column":26}},"line":61},"3":{"name":"(anonymous_3)","decl":{"start":{"line":81,"column":21},"end":{"line":81,"column":33}},"loc":{"start":{"line":81,"column":33},"end":{"line":98,"column":null}},"line":81},"4":{"name":"(anonymous_4)","decl":{"start":{"line":83,"column":40},"end":{"line":83,"column":45}},"loc":{"start":{"line":83,"column":51},"end":{"line":83,"column":59}},"line":83},"5":{"name":"(anonymous_5)","decl":{"start":{"line":102,"column":25},"end":{"line":102,"column":37}},"loc":{"start":{"line":102,"column":37},"end":{"line":111,"column":null}},"line":102},"6":{"name":"(anonymous_6)","decl":{"start":{"line":115,"column":21},"end":{"line":115,"column":28}},"loc":{"start":{"line":115,"column":43},"end":{"line":129,"column":null}},"line":115},"7":{"name":"(anonymous_7)","decl":{"start":{"line":133,"column":30},"end":{"line":133,"column":37}},"loc":{"start":{"line":133,"column":52},"end":{"line":139,"column":null}},"line":133},"8":{"name":"(anonymous_8)","decl":{"start":{"line":136,"column":6},"end":{"line":136,"column":20}},"loc":{"start":{"line":136,"column":29},"end":{"line":136,"column":60}},"line":136},"9":{"name":"(anonymous_9)","decl":{"start":{"line":136,"column":34},"end":{"line":136,"column":42}},"loc":{"start":{"line":136,"column":48},"end":{"line":136,"column":60}},"line":136},"10":{"name":"(anonymous_10)","decl":{"start":{"line":143,"column":30},"end":{"line":143,"column":42}},"loc":{"start":{"line":143,"column":42},"end":{"line":153,"column":null}},"line":143},"11":{"name":"(anonymous_11)","decl":{"start":{"line":157,"column":30},"end":{"line":157,"column":42}},"loc":{"start":{"line":157,"column":42},"end":{"line":167,"column":null}},"line":157},"12":{"name":"(anonymous_12)","decl":{"start":{"line":171,"column":8},"end":{"line":171,"column":30}},"loc":{"start":{"line":171,"column":46},"end":{"line":174,"column":null}},"line":171},"13":{"name":"(anonymous_13)","decl":{"start":{"line":177,"column":8},"end":{"line":177,"column":29}},"loc":{"start":{"line":177,"column":29},"end":{"line":188,"column":null}},"line":177},"14":{"name":"(anonymous_14)","decl":{"start":{"line":182,"column":7},"end":{"line":182,"column":12}},"loc":{"start":{"line":182,"column":18},"end":{"line":186,"column":null}},"line":182},"15":{"name":"(anonymous_15)","decl":{"start":{"line":191,"column":8},"end":{"line":191,"column":31}},"loc":{"start":{"line":191,"column":31},"end":{"line":193,"column":null}},"line":191},"16":{"name":"(anonymous_16)","decl":{"start":{"line":196,"column":8},"end":{"line":196,"column":34}},"loc":{"start":{"line":196,"column":34},"end":{"line":198,"column":null}},"line":196},"17":{"name":"(anonymous_17)","decl":{"start":{"line":201,"column":35},"end":{"line":201,"column":47}},"loc":{"start":{"line":201,"column":47},"end":{"line":211,"column":null}},"line":201},"18":{"name":"(anonymous_18)","decl":{"start":{"line":215,"column":8},"end":{"line":215,"column":25}},"loc":{"start":{"line":215,"column":42},"end":{"line":231,"column":null}},"line":215},"19":{"name":"(anonymous_19)","decl":{"start":{"line":218,"column":31},"end":{"line":218,"column":36}},"loc":{"start":{"line":218,"column":42},"end":{"line":218,"column":82}},"line":218},"20":{"name":"(anonymous_20)","decl":{"start":{"line":222,"column":17},"end":{"line":222,"column":22}},"loc":{"start":{"line":222,"column":34},"end":{"line":231,"column":null}},"line":222},"21":{"name":"(anonymous_21)","decl":{"start":{"line":223,"column":28},"end":{"line":223,"column":34}},"loc":{"start":{"line":223,"column":40},"end":{"line":223,"column":78}},"line":223},"22":{"name":"(anonymous_22)","decl":{"start":{"line":249,"column":12},"end":{"line":249,"column":23}},"loc":{"start":{"line":249,"column":29},"end":{"line":249,"column":57}},"line":249},"23":{"name":"(anonymous_23)","decl":{"start":{"line":271,"column":25},"end":{"line":271,"column":37}},"loc":{"start":{"line":271,"column":43},"end":{"line":271,"column":null}},"line":271},"24":{"name":"(anonymous_24)","decl":{"start":{"line":300,"column":31},"end":{"line":300,"column":36}},"loc":{"start":{"line":301,"column":14},"end":{"line":303,"column":null}},"line":301},"25":{"name":"(anonymous_25)","decl":{"start":{"line":316,"column":30},"end":{"line":316,"column":35}},"loc":{"start":{"line":317,"column":14},"end":{"line":331,"column":null}},"line":317},"26":{"name":"(anonymous_26)","decl":{"start":{"line":375,"column":8},"end":{"line":375,"column":24}},"loc":{"start":{"line":375,"column":24},"end":{"line":375,"column":42}},"line":375},"27":{"name":"(anonymous_27)","decl":{"start":{"line":383,"column":10},"end":{"line":383,"column":23}},"loc":{"start":{"line":384,"column":12},"end":{"line":407,"column":null}},"line":384},"28":{"name":"(anonymous_28)","decl":{"start":{"line":386,"column":49},"end":{"line":386,"column":64}},"loc":{"start":{"line":386,"column":64},"end":{"line":386,"column":83}},"line":386},"29":{"name":"(anonymous_29)","decl":{"start":{"line":394,"column":18},"end":{"line":394,"column":33}},"loc":{"start":{"line":394,"column":33},"end":{"line":394,"column":null}},"line":394}},"branchMap":{"0":{"loc":{"start":{"line":63,"column":4},"end":{"line":65,"column":null}},"type":"if","locations":[{"start":{"line":63,"column":4},"end":{"line":65,"column":null}},{"start":{},"end":{}}],"line":63},"1":{"loc":{"start":{"line":75,"column":31},"end":{"line":75,"column":71}},"type":"binary-expr","locations":[{"start":{"line":75,"column":31},"end":{"line":75,"column":60}},{"start":{"line":75,"column":60},"end":{"line":75,"column":71}}],"line":75},"2":{"loc":{"start":{"line":82,"column":4},"end":{"line":82,"column":null}},"type":"if","locations":[{"start":{"line":82,"column":4},"end":{"line":82,"column":null}},{"start":{},"end":{}}],"line":82},"3":{"loc":{"start":{"line":96,"column":31},"end":{"line":96,"column":71}},"type":"binary-expr","locations":[{"start":{"line":96,"column":31},"end":{"line":96,"column":60}},{"start":{"line":96,"column":60},"end":{"line":96,"column":71}}],"line":96},"4":{"loc":{"start":{"line":144,"column":4},"end":{"line":144,"column":null}},"type":"if","locations":[{"start":{"line":144,"column":4},"end":{"line":144,"column":null}},{"start":{},"end":{}}],"line":144},"5":{"loc":{"start":{"line":151,"column":35},"end":{"line":151,"column":75}},"type":"binary-expr","locations":[{"start":{"line":151,"column":35},"end":{"line":151,"column":64}},{"start":{"line":151,"column":64},"end":{"line":151,"column":75}}],"line":151},"6":{"loc":{"start":{"line":158,"column":4},"end":{"line":158,"column":null}},"type":"if","locations":[{"start":{"line":158,"column":4},"end":{"line":158,"column":null}},{"start":{},"end":{}}],"line":158},"7":{"loc":{"start":{"line":165,"column":35},"end":{"line":165,"column":75}},"type":"binary-expr","locations":[{"start":{"line":165,"column":35},"end":{"line":165,"column":64}},{"start":{"line":165,"column":64},"end":{"line":165,"column":75}}],"line":165},"8":{"loc":{"start":{"line":173,"column":18},"end":{"line":173,"column":null}},"type":"binary-expr","locations":[{"start":{"line":173,"column":18},"end":{"line":173,"column":35}},{"start":{"line":173,"column":35},"end":{"line":173,"column":null}}],"line":173},"9":{"loc":{"start":{"line":178,"column":4},"end":{"line":178,"column":null}},"type":"if","locations":[{"start":{"line":178,"column":4},"end":{"line":178,"column":null}},{"start":{},"end":{}}],"line":178},"10":{"loc":{"start":{"line":183,"column":19},"end":{"line":183,"column":null}},"type":"cond-expr","locations":[{"start":{"line":183,"column":31},"end":{"line":183,"column":59}},{"start":{"line":183,"column":59},"end":{"line":183,"column":null}}],"line":183},"11":{"loc":{"start":{"line":184,"column":19},"end":{"line":184,"column":null}},"type":"cond-expr","locations":[{"start":{"line":184,"column":31},"end":{"line":184,"column":51}},{"start":{"line":184,"column":51},"end":{"line":184,"column":null}}],"line":184},"12":{"loc":{"start":{"line":185,"column":15},"end":{"line":185,"column":null}},"type":"cond-expr","locations":[{"start":{"line":185,"column":20},"end":{"line":185,"column":37}},{"start":{"line":185,"column":37},"end":{"line":185,"column":null}}],"line":185},"13":{"loc":{"start":{"line":197,"column":4},"end":{"line":197,"column":null}},"type":"if","locations":[{"start":{"line":197,"column":4},"end":{"line":197,"column":null}},{"start":{},"end":{}}],"line":197},"14":{"loc":{"start":{"line":202,"column":4},"end":{"line":202,"column":null}},"type":"if","locations":[{"start":{"line":202,"column":4},"end":{"line":202,"column":null}},{"start":{},"end":{}}],"line":202},"15":{"loc":{"start":{"line":216,"column":4},"end":{"line":216,"column":null}},"type":"if","locations":[{"start":{"line":216,"column":4},"end":{"line":216,"column":null}},{"start":{},"end":{}}],"line":216},"16":{"loc":{"start":{"line":223,"column":6},"end":{"line":227,"column":null}},"type":"if","locations":[{"start":{"line":223,"column":6},"end":{"line":227,"column":null}},{"start":{},"end":{}}],"line":223},"17":{"loc":{"start":{"line":287,"column":7},"end":{"line":290,"column":null}},"type":"binary-expr","locations":[{"start":{"line":287,"column":7},"end":{"line":287,"column":null}},{"start":{"line":288,"column":8},"end":{"line":290,"column":null}}],"line":287},"18":{"loc":{"start":{"line":294,"column":7},"end":{"line":368,"column":null}},"type":"binary-expr","locations":[{"start":{"line":294,"column":7},"end":{"line":294,"column":17}},{"start":{"line":294,"column":17},"end":{"line":294,"column":null}},{"start":{"line":295,"column":8},"end":{"line":368,"column":null}}],"line":294},"19":{"loc":{"start":{"line":319,"column":19},"end":{"line":324,"column":33}},"type":"binary-expr","locations":[{"start":{"line":319,"column":19},"end":{"line":319,"column":null}},{"start":{"line":320,"column":20},"end":{"line":324,"column":33}}],"line":319},"20":{"loc":{"start":{"line":320,"column":32},"end":{"line":320,"column":null}},"type":"binary-expr","locations":[{"start":{"line":320,"column":32},"end":{"line":320,"column":61}},{"start":{"line":320,"column":61},"end":{"line":320,"column":null}}],"line":320},"21":{"loc":{"start":{"line":326,"column":17},"end":{"line":329,"column":null}},"type":"binary-expr","locations":[{"start":{"line":326,"column":17},"end":{"line":326,"column":null}},{"start":{"line":327,"column":18},"end":{"line":329,"column":null}}],"line":326},"22":{"loc":{"start":{"line":327,"column":77},"end":{"line":327,"column":97}},"type":"cond-expr","locations":[{"start":{"line":327,"column":89},"end":{"line":327,"column":94}},{"start":{"line":327,"column":94},"end":{"line":327,"column":97}}],"line":327},"23":{"loc":{"start":{"line":402,"column":26},"end":{"line":402,"column":70}},"type":"cond-expr","locations":[{"start":{"line":402,"column":52},"end":{"line":402,"column":59}},{"start":{"line":402,"column":59},"end":{"line":402,"column":70}}],"line":402}},"s":{"0":1,"1":1,"2":34,"3":34,"4":34,"5":34,"6":34,"7":34,"8":34,"9":34,"10":34,"11":34,"12":34,"13":34,"14":3,"15":4,"16":3,"17":0,"18":0,"19":3,"20":3,"21":3,"22":3,"23":3,"24":3,"25":0,"26":3,"27":34,"28":0,"29":0,"30":0,"31":0,"32":0,"33":0,"34":0,"35":0,"36":0,"37":0,"38":34,"39":0,"40":0,"41":0,"42":0,"43":0,"44":0,"45":0,"46":34,"47":0,"48":0,"49":0,"50":0,"51":0,"52":0,"53":0,"54":0,"55":0,"56":34,"57":0,"58":0,"59":0,"60":0,"61":0,"62":0,"63":0,"64":34,"65":0,"66":0,"67":0,"68":0,"69":0,"70":0,"71":0,"72":0,"73":0,"74":34,"75":0,"76":0,"77":0,"78":0,"79":0,"80":0,"81":0,"82":0,"83":0,"84":34,"85":0,"86":0,"87":0,"88":34,"89":0,"90":0,"91":0,"92":0,"93":0,"94":0,"95":0,"96":0,"97":0,"98":34,"99":0,"100":0,"101":34,"102":0,"103":0,"104":0,"105":34,"106":0,"107":0,"108":0,"109":0,"110":0,"111":0,"112":34,"113":6,"114":0,"115":6,"116":12,"117":6,"118":6,"119":18,"120":33,"121":6,"122":12,"123":34,"124":21,"125":34,"126":6,"127":6,"128":0,"129":0,"130":0,"131":0},"f":{"0":34,"1":3,"2":4,"3":0,"4":0,"5":0,"6":0,"7":0,"8":0,"9":0,"10":0,"11":0,"12":0,"13":0,"14":0,"15":0,"16":0,"17":0,"18":6,"19":12,"20":18,"21":33,"22":21,"23":34,"24":6,"25":6,"26":0,"27":0,"28":0,"29":0},"b":{"0":[0,3],"1":[0,0],"2":[0,0],"3":[0,0],"4":[0,0],"5":[0,0],"6":[0,0],"7":[0,0],"8":[0,0],"9":[0,0],"10":[0,0],"11":[0,0],"12":[0,0],"13":[0,0],"14":[0,0],"15":[0,6],"16":[6,12],"17":[34,3],"18":[34,3,3],"19":[6,0],"20":[0,0],"21":[6,6],"22":[0,6],"23":[0,0]},"meta":{"lastBranch":24,"lastFunction":30,"lastStatement":132,"seen":{"s:40:35:40:Infinity":0,"s:41:21:41:Infinity":1,"f:43:24:43:38":0,"s:44:20:44:48":2,"s:45:15:45:69":3,"s:46:16:46:40":4,"s:47:18:47:47":5,"s:48:23:48:57":6,"s:49:23:49:57":7,"s:50:17:50:45":8,"s:51:17:51:76":9,"s:54:20:54:66":10,"s:55:19:55:49":11,"s:56:22:56:55":12,"s:58:25:77:Infinity":13,"f:58:25:58:37":1,"s:59:18:62:22":14,"f:61:7:61:12":2,"s:61:18:61:26":15,"b:63:4:65:Infinity:undefined:undefined:undefined:undefined":0,"s:63:4:65:Infinity":16,"s:64:6:64:Infinity":17,"s:65:6:65:Infinity":18,"s:68:4:68:Infinity":19,"s:69:4:69:Infinity":20,"s:70:4:77:Infinity":21,"s:71:19:71:77":22,"s:72:6:72:Infinity":23,"s:73:6:73:Infinity":24,"s:75:6:75:Infinity":25,"b:75:31:75:60:75:60:75:71":1,"s:77:6:77:Infinity":26,"s:81:21:98:Infinity":27,"f:81:21:81:33":3,"b:82:4:82:Infinity:undefined:undefined:undefined:undefined":2,"s:82:4:82:Infinity":28,"s:82:17:82:Infinity":29,"s:83:18:83:76":30,"f:83:40:83:45":4,"s:83:51:83:59":31,"s:84:4:84:Infinity":32,"s:85:4:98:Infinity":33,"s:86:6:93:Infinity":34,"s:94:6:94:Infinity":35,"s:96:6:96:Infinity":36,"b:96:31:96:60:96:60:96:71":3,"s:98:6:98:Infinity":37,"s:102:25:111:Infinity":38,"f:102:25:102:37":5,"s:103:4:103:Infinity":39,"s:104:4:104:Infinity":40,"s:105:4:111:Infinity":41,"s:106:19:106:39":42,"s:107:6:107:Infinity":43,"s:109:6:109:Infinity":44,"s:111:6:111:Infinity":45,"s:115:21:129:Infinity":46,"f:115:21:115:28":6,"s:116:4:129:Infinity":47,"s:117:19:117:39":48,"s:118:6:118:Infinity":49,"s:119:6:119:Infinity":50,"s:120:6:120:Infinity":51,"s:121:6:125:Infinity":52,"s:126:6:126:Infinity":53,"s:127:6:127:Infinity":54,"s:129:6:129:Infinity":55,"s:133:30:139:Infinity":56,"f:133:30:133:37":7,"s:134:4:139:Infinity":57,"s:135:6:135:Infinity":58,"s:136:6:136:Infinity":59,"f:136:6:136:20":8,"s:136:29:136:60":60,"f:136:34:136:42":9,"s:136:48:136:60":61,"s:137:6:137:Infinity":62,"s:139:6:139:Infinity":63,"s:143:30:153:Infinity":64,"f:143:30:143:42":10,"b:144:4:144:Infinity:undefined:undefined:undefined:undefined":4,"s:144:4:144:Infinity":65,"s:144:17:144:Infinity":66,"s:145:4:145:Infinity":67,"s:146:4:153:Infinity":68,"s:147:19:147:56":69,"s:148:6:148:Infinity":70,"s:149:6:149:Infinity":71,"s:151:6:151:Infinity":72,"b:151:35:151:64:151:64:151:75":5,"s:153:6:153:Infinity":73,"s:157:30:167:Infinity":74,"f:157:30:157:42":11,"b:158:4:158:Infinity:undefined:undefined:undefined:undefined":6,"s:158:4:158:Infinity":75,"s:158:17:158:Infinity":76,"s:159:4:159:Infinity":77,"s:160:4:167:Infinity":78,"s:161:19:161:56":79,"s:162:6:162:Infinity":80,"s:163:6:163:Infinity":81,"s:165:6:165:Infinity":82,"b:165:35:165:64:165:64:165:75":7,"s:167:6:167:Infinity":83,"s:171:8:174:Infinity":84,"f:171:8:171:30":12,"s:172:10:172:45":85,"s:173:18:173:Infinity":86,"b:173:18:173:35:173:35:173:Infinity":8,"s:174:4:174:Infinity":87,"s:177:8:188:Infinity":88,"f:177:8:177:29":13,"b:178:4:178:Infinity:undefined:undefined:undefined:undefined":9,"s:178:4:178:Infinity":89,"s:178:17:178:Infinity":90,"s:179:22:179:Infinity":91,"s:180:19:180:Infinity":92,"s:181:17:187:19":93,"f:182:7:182:12":14,"s:183:19:183:Infinity":94,"b:183:31:183:59:183:59:183:Infinity":10,"s:184:19:184:Infinity":95,"b:184:31:184:51:184:51:184:Infinity":11,"s:185:8:185:Infinity":96,"b:185:20:185:37:185:37:185:Infinity":12,"s:188:4:188:Infinity":97,"s:191:8:193:Infinity":98,"f:191:8:191:31":15,"s:192:4:192:Infinity":99,"s:193:4:193:Infinity":100,"s:196:8:198:Infinity":101,"f:196:8:196:34":16,"b:197:4:197:Infinity:undefined:undefined:undefined:undefined":13,"s:197:4:197:Infinity":102,"s:197:17:197:Infinity":103,"s:198:4:198:Infinity":104,"s:201:35:211:Infinity":105,"f:201:35:201:47":17,"b:202:4:202:Infinity:undefined:undefined:undefined:undefined":14,"s:202:4:202:Infinity":106,"s:202:17:202:Infinity":107,"s:203:4:211:Infinity":108,"s:204:18:207:Infinity":109,"s:209:6:209:Infinity":110,"s:211:6:211:Infinity":111,"s:215:8:231:Infinity":112,"f:215:8:215:25":18,"b:216:4:216:Infinity:undefined:undefined:undefined:undefined":15,"s:216:4:216:Infinity":113,"s:216:37:216:Infinity":114,"s:217:20:219:Infinity":115,"f:218:31:218:36":19,"s:218:42:218:82":116,"s:221:18:221:37":117,"s:222:4:231:Infinity":118,"f:222:17:222:22":20,"b:223:6:227:Infinity:undefined:undefined:undefined:undefined":16,"s:223:6:227:Infinity":119,"f:223:28:223:34":21,"s:223:40:223:78":120,"s:224:8:227:Infinity":121,"s:230:6:230:Infinity":122,"s:234:2:410:Infinity":123,"f:249:12:249:23":22,"s:249:29:249:57":124,"f:271:25:271:37":23,"s:271:43:271:Infinity":125,"b:287:7:287:Infinity:288:8:290:Infinity":17,"b:294:7:294:17:294:17:294:Infinity:295:8:368:Infinity":18,"f:300:31:300:36":24,"s:301:14:303:Infinity":126,"f:316:30:316:35":25,"s:317:14:331:Infinity":127,"b:319:19:319:Infinity:320:20:324:33":19,"b:320:32:320:61:320:61:320:Infinity":20,"b:326:17:326:Infinity:327:18:329:Infinity":21,"b:327:89:327:94:327:94:327:97":22,"f:375:8:375:24":26,"s:375:24:375:42":128,"f:383:10:383:23":27,"s:384:12:407:Infinity":129,"f:386:49:386:64":28,"s:386:64:386:83":130,"f:394:18:394:33":29,"s:394:33:394:Infinity":131,"b:402:52:402:59:402:59:402:70":23}}}
,"/Users/berryai/english_tool/frontend/src/pages/CreatePage.tsx": {"path":"/Users/berryai/english_tool/frontend/src/pages/CreatePage.tsx","statementMap":{"0":{"start":{"line":34,"column":18},"end":{"line":34,"column":null}},"1":{"start":{"line":51,"column":17},"end":{"line":51,"column":null}},"2":{"start":{"line":52,"column":6},"end":{"line":65,"column":null}},"3":{"start":{"line":52,"column":31},"end":{"line":65,"column":null}},"4":{"start":{"line":75,"column":8},"end":{"line":75,"column":35}},"5":{"start":{"line":76,"column":8},"end":{"line":76,"column":41}},"6":{"start":{"line":77,"column":22},"end":{"line":77,"column":null}},"7":{"start":{"line":79,"column":15},"end":{"line":79,"column":78}},"8":{"start":{"line":80,"column":21},"end":{"line":80,"column":77}},"9":{"start":{"line":81,"column":20},"end":{"line":81,"column":100}},"10":{"start":{"line":82,"column":18},"end":{"line":82,"column":47}},"11":{"start":{"line":83,"column":17},"end":{"line":83,"column":45}},"12":{"start":{"line":84,"column":26},"end":{"line":84,"column":77}},"13":{"start":{"line":85,"column":27},"end":{"line":85,"column":85}},"14":{"start":{"line":86,"column":21},"end":{"line":86,"column":80}},"15":{"start":{"line":89,"column":2},"end":{"line":96,"column":null}},"16":{"start":{"line":90,"column":4},"end":{"line":94,"column":null}},"17":{"start":{"line":91,"column":12},"end":{"line":91,"column":36}},"18":{"start":{"line":92,"column":6},"end":{"line":92,"column":null}},"19":{"start":{"line":93,"column":6},"end":{"line":93,"column":null}},"20":{"start":{"line":94,"column":6},"end":{"line":94,"column":null}},"21":{"start":{"line":98,"column":8},"end":{"line":108,"column":null}},"22":{"start":{"line":99,"column":19},"end":{"line":99,"column":null}},"23":{"start":{"line":100,"column":10},"end":{"line":100,"column":51}},"24":{"start":{"line":101,"column":17},"end":{"line":101,"column":null}},"25":{"start":{"line":102,"column":10},"end":{"line":102,"column":34}},"26":{"start":{"line":103,"column":4},"end":{"line":103,"column":null}},"27":{"start":{"line":104,"column":4},"end":{"line":104,"column":null}},"28":{"start":{"line":105,"column":4},"end":{"line":105,"column":null}},"29":{"start":{"line":106,"column":4},"end":{"line":106,"column":null}},"30":{"start":{"line":107,"column":4},"end":{"line":107,"column":null}},"31":{"start":{"line":108,"column":4},"end":{"line":108,"column":null}},"32":{"start":{"line":111,"column":8},"end":{"line":119,"column":null}},"33":{"start":{"line":112,"column":10},"end":{"line":112,"column":34}},"34":{"start":{"line":113,"column":14},"end":{"line":113,"column":null}},"35":{"start":{"line":114,"column":4},"end":{"line":119,"column":null}},"36":{"start":{"line":115,"column":6},"end":{"line":115,"column":null}},"37":{"start":{"line":116,"column":6},"end":{"line":116,"column":null}},"38":{"start":{"line":117,"column":6},"end":{"line":117,"column":null}},"39":{"start":{"line":118,"column":6},"end":{"line":118,"column":null}},"40":{"start":{"line":119,"column":6},"end":{"line":119,"column":null}},"41":{"start":{"line":123,"column":8},"end":{"line":132,"column":null}},"42":{"start":{"line":124,"column":10},"end":{"line":124,"column":34}},"43":{"start":{"line":125,"column":4},"end":{"line":125,"column":null}},"44":{"start":{"line":126,"column":4},"end":{"line":126,"column":null}},"45":{"start":{"line":127,"column":4},"end":{"line":127,"column":null}},"46":{"start":{"line":128,"column":4},"end":{"line":130,"column":null}},"47":{"start":{"line":129,"column":6},"end":{"line":129,"column":null}},"48":{"start":{"line":130,"column":6},"end":{"line":130,"column":null}},"49":{"start":{"line":132,"column":4},"end":{"line":132,"column":null}},"50":{"start":{"line":135,"column":8},"end":{"line":140,"column":null}},"51":{"start":{"line":136,"column":4},"end":{"line":136,"column":null}},"52":{"start":{"line":137,"column":4},"end":{"line":137,"column":null}},"53":{"start":{"line":138,"column":4},"end":{"line":138,"column":null}},"54":{"start":{"line":139,"column":4},"end":{"line":139,"column":null}},"55":{"start":{"line":140,"column":4},"end":{"line":140,"column":null}},"56":{"start":{"line":143,"column":8},"end":{"line":144,"column":null}},"57":{"start":{"line":144,"column":4},"end":{"line":144,"column":null}},"58":{"start":{"line":144,"column":22},"end":{"line":144,"column":85}},"59":{"start":{"line":144,"column":39},"end":{"line":144,"column":85}},"60":{"start":{"line":147,"column":8},"end":{"line":147,"column":61}},"61":{"start":{"line":147,"column":23},"end":{"line":147,"column":61}},"62":{"start":{"line":147,"column":41},"end":{"line":147,"column":60}},"63":{"start":{"line":149,"column":8},"end":{"line":153,"column":null}},"64":{"start":{"line":150,"column":4},"end":{"line":153,"column":null}},"65":{"start":{"line":151,"column":19},"end":{"line":151,"column":52}},"66":{"start":{"line":151,"column":38},"end":{"line":151,"column":52}},"67":{"start":{"line":152,"column":6},"end":{"line":152,"column":null}},"68":{"start":{"line":156,"column":8},"end":{"line":176,"column":null}},"69":{"start":{"line":157,"column":4},"end":{"line":176,"column":null}},"70":{"start":{"line":164,"column":8},"end":{"line":168,"column":null}},"71":{"start":{"line":165,"column":16},"end":{"line":165,"column":40}},"72":{"start":{"line":166,"column":10},"end":{"line":166,"column":null}},"73":{"start":{"line":167,"column":10},"end":{"line":167,"column":null}},"74":{"start":{"line":168,"column":10},"end":{"line":168,"column":null}},"75":{"start":{"line":170,"column":8},"end":{"line":170,"column":null}},"76":{"start":{"line":171,"column":8},"end":{"line":171,"column":null}},"77":{"start":{"line":172,"column":8},"end":{"line":172,"column":null}},"78":{"start":{"line":173,"column":8},"end":{"line":173,"column":null}},"79":{"start":{"line":174,"column":8},"end":{"line":174,"column":null}},"80":{"start":{"line":180,"column":25},"end":{"line":221,"column":null}},"81":{"start":{"line":181,"column":18},"end":{"line":181,"column":54}},"82":{"start":{"line":181,"column":37},"end":{"line":181,"column":53}},"83":{"start":{"line":182,"column":4},"end":{"line":184,"column":null}},"84":{"start":{"line":183,"column":6},"end":{"line":183,"column":null}},"85":{"start":{"line":184,"column":6},"end":{"line":184,"column":null}},"86":{"start":{"line":187,"column":4},"end":{"line":187,"column":null}},"87":{"start":{"line":188,"column":4},"end":{"line":221,"column":null}},"88":{"start":{"line":189,"column":41},"end":{"line":195,"column":9}},"89":{"start":{"line":189,"column":59},"end":{"line":195,"column":9}},"90":{"start":{"line":196,"column":19},"end":{"line":196,"column":43}},"91":{"start":{"line":198,"column":6},"end":{"line":216,"column":null}},"92":{"start":{"line":199,"column":26},"end":{"line":199,"column":49}},"93":{"start":{"line":199,"column":43},"end":{"line":199,"column":49}},"94":{"start":{"line":200,"column":22},"end":{"line":200,"column":null}},"95":{"start":{"line":201,"column":8},"end":{"line":215,"column":null}},"96":{"start":{"line":202,"column":10},"end":{"line":212,"column":null}},"97":{"start":{"line":203,"column":22},"end":{"line":203,"column":null}},"98":{"start":{"line":204,"column":12},"end":{"line":212,"column":null}},"99":{"start":{"line":214,"column":10},"end":{"line":214,"column":null}},"100":{"start":{"line":217,"column":6},"end":{"line":217,"column":null}},"101":{"start":{"line":219,"column":6},"end":{"line":219,"column":null}},"102":{"start":{"line":221,"column":6},"end":{"line":221,"column":null}},"103":{"start":{"line":226,"column":32},"end":{"line":246,"column":null}},"104":{"start":{"line":227,"column":16},"end":{"line":227,"column":47}},"105":{"start":{"line":227,"column":33},"end":{"line":227,"column":47}},"106":{"start":{"line":228,"column":4},"end":{"line":228,"column":null}},"107":{"start":{"line":228,"column":37},"end":{"line":228,"column":null}},"108":{"start":{"line":230,"column":4},"end":{"line":230,"column":null}},"109":{"start":{"line":231,"column":4},"end":{"line":246,"column":null}},"110":{"start":{"line":232,"column":19},"end":{"line":238,"column":15}},"111":{"start":{"line":239,"column":6},"end":{"line":241,"column":null}},"112":{"start":{"line":240,"column":8},"end":{"line":240,"column":null}},"113":{"start":{"line":241,"column":8},"end":{"line":241,"column":null}},"114":{"start":{"line":244,"column":6},"end":{"line":244,"column":null}},"115":{"start":{"line":246,"column":6},"end":{"line":246,"column":null}},"116":{"start":{"line":251,"column":26},"end":{"line":277,"column":null}},"117":{"start":{"line":252,"column":4},"end":{"line":252,"column":null}},"118":{"start":{"line":253,"column":4},"end":{"line":275,"column":null}},"119":{"start":{"line":254,"column":19},"end":{"line":254,"column":40}},"120":{"start":{"line":255,"column":29},"end":{"line":255,"column":63}},"121":{"start":{"line":256,"column":34},"end":{"line":269,"column":9}},"122":{"start":{"line":256,"column":60},"end":{"line":269,"column":9}},"123":{"start":{"line":270,"column":6},"end":{"line":270,"column":null}},"124":{"start":{"line":271,"column":6},"end":{"line":271,"column":null}},"125":{"start":{"line":273,"column":6},"end":{"line":273,"column":null}},"126":{"start":{"line":275,"column":6},"end":{"line":275,"column":null}},"127":{"start":{"line":277,"column":4},"end":{"line":277,"column":null}},"128":{"start":{"line":281,"column":21},"end":{"line":321,"column":null}},"129":{"start":{"line":282,"column":4},"end":{"line":284,"column":null}},"130":{"start":{"line":283,"column":6},"end":{"line":283,"column":null}},"131":{"start":{"line":284,"column":6},"end":{"line":284,"column":null}},"132":{"start":{"line":286,"column":18},"end":{"line":286,"column":54}},"133":{"start":{"line":286,"column":37},"end":{"line":286,"column":53}},"134":{"start":{"line":287,"column":4},"end":{"line":289,"column":null}},"135":{"start":{"line":288,"column":6},"end":{"line":288,"column":null}},"136":{"start":{"line":289,"column":6},"end":{"line":289,"column":null}},"137":{"start":{"line":292,"column":4},"end":{"line":292,"column":null}},"138":{"start":{"line":293,"column":4},"end":{"line":321,"column":null}},"139":{"start":{"line":294,"column":6},"end":{"line":305,"column":null}},"140":{"start":{"line":297,"column":36},"end":{"line":304,"column":null}},"141":{"start":{"line":306,"column":6},"end":{"line":306,"column":null}},"142":{"start":{"line":307,"column":6},"end":{"line":311,"column":null}},"143":{"start":{"line":308,"column":14},"end":{"line":308,"column":38}},"144":{"start":{"line":309,"column":8},"end":{"line":309,"column":null}},"145":{"start":{"line":310,"column":8},"end":{"line":310,"column":null}},"146":{"start":{"line":311,"column":8},"end":{"line":311,"column":null}},"147":{"start":{"line":313,"column":6},"end":{"line":313,"column":null}},"148":{"start":{"line":314,"column":6},"end":{"line":314,"column":null}},"149":{"start":{"line":315,"column":6},"end":{"line":315,"column":null}},"150":{"start":{"line":316,"column":6},"end":{"line":316,"column":null}},"151":{"start":{"line":317,"column":6},"end":{"line":317,"column":null}},"152":{"start":{"line":319,"column":6},"end":{"line":319,"column":null}},"153":{"start":{"line":321,"column":6},"end":{"line":321,"column":null}},"154":{"start":{"line":326,"column":18},"end":{"line":443,"column":null}},"155":{"start":{"line":332,"column":8},"end":{"line":337,"column":null}},"156":{"start":{"line":334,"column":27},"end":{"line":334,"column":75}},"157":{"start":{"line":345,"column":8},"end":{"line":348,"column":null}},"158":{"start":{"line":346,"column":53},"end":{"line":346,"column":105}},"159":{"start":{"line":348,"column":67},"end":{"line":348,"column":126}},"160":{"start":{"line":356,"column":8},"end":{"line":359,"column":null}},"161":{"start":{"line":357,"column":53},"end":{"line":357,"column":109}},"162":{"start":{"line":359,"column":62},"end":{"line":359,"column":116}},"163":{"start":{"line":367,"column":8},"end":{"line":368,"column":null}},"164":{"start":{"line":368,"column":10},"end":{"line":368,"column":null}},"165":{"start":{"line":368,"column":75},"end":{"line":368,"column":135}},"166":{"start":{"line":370,"column":24},"end":{"line":370,"column":null}},"167":{"start":{"line":371,"column":8},"end":{"line":416,"column":null}},"168":{"start":{"line":375,"column":73},"end":{"line":375,"column":92}},"169":{"start":{"line":377,"column":24},"end":{"line":377,"column":null}},"170":{"start":{"line":377,"column":81},"end":{"line":377,"column":101}},"171":{"start":{"line":378,"column":32},"end":{"line":378,"column":58}},"172":{"start":{"line":379,"column":18},"end":{"line":379,"column":null}},"173":{"start":{"line":379,"column":30},"end":{"line":379,"column":null}},"174":{"start":{"line":380,"column":18},"end":{"line":380,"column":null}},"175":{"start":{"line":385,"column":20},"end":{"line":385,"column":null}},"176":{"start":{"line":394,"column":68},"end":{"line":394,"column":88}},"177":{"start":{"line":398,"column":16},"end":{"line":404,"column":null}},"178":{"start":{"line":399,"column":24},"end":{"line":399,"column":104}},"179":{"start":{"line":399,"column":84},"end":{"line":399,"column":103}},"180":{"start":{"line":400,"column":32},"end":{"line":400,"column":44}},"181":{"start":{"line":401,"column":18},"end":{"line":401,"column":null}},"182":{"start":{"line":401,"column":38},"end":{"line":401,"column":null}},"183":{"start":{"line":402,"column":18},"end":{"line":402,"column":null}},"184":{"start":{"line":404,"column":18},"end":{"line":404,"column":null}},"185":{"start":{"line":414,"column":31},"end":{"line":414,"column":null}},"186":{"start":{"line":426,"column":8},"end":{"line":433,"column":null}},"187":{"start":{"line":429,"column":29},"end":{"line":429,"column":86}},"188":{"start":{"line":433,"column":67},"end":{"line":433,"column":126}},"189":{"start":{"line":440,"column":8},"end":{"line":440,"column":null}},"190":{"start":{"line":440,"column":76},"end":{"line":440,"column":101}},"191":{"start":{"line":446,"column":2},"end":{"line":544,"column":null}},"192":{"start":{"line":459,"column":49},"end":{"line":473,"column":19}},"193":{"start":{"line":469,"column":42},"end":{"line":469,"column":63}},"194":{"start":{"line":469,"column":63},"end":{"line":469,"column":null}},"195":{"start":{"line":474,"column":38},"end":{"line":474,"column":null}},"196":{"start":{"line":489,"column":31},"end":{"line":489,"column":60}},"197":{"start":{"line":494,"column":31},"end":{"line":494,"column":null}},"198":{"start":{"line":523,"column":38},"end":{"line":523,"column":69}},"199":{"start":{"line":523,"column":69},"end":{"line":523,"column":null}}},"fnMap":{"0":{"name":"(anonymous_0)","decl":{"start":{"line":52,"column":6},"end":{"line":52,"column":31}},"loc":{"start":{"line":52,"column":31},"end":{"line":65,"column":null}},"line":52},"1":{"name":"CreatePage","decl":{"start":{"line":74,"column":24},"end":{"line":74,"column":37}},"loc":{"start":{"line":74,"column":37},"end":{"line":544,"column":null}},"line":74},"2":{"name":"(anonymous_2)","decl":{"start":{"line":89,"column":2},"end":{"line":89,"column":18}},"loc":{"start":{"line":89,"column":18},"end":{"line":96,"column":6}},"line":89},"3":{"name":"(anonymous_3)","decl":{"start":{"line":98,"column":8},"end":{"line":98,"column":32}},"loc":{"start":{"line":98,"column":32},"end":{"line":108,"column":null}},"line":98},"4":{"name":"(anonymous_4)","decl":{"start":{"line":111,"column":8},"end":{"line":111,"column":27}},"loc":{"start":{"line":111,"column":44},"end":{"line":119,"column":null}},"line":111},"5":{"name":"(anonymous_5)","decl":{"start":{"line":123,"column":8},"end":{"line":123,"column":29}},"loc":{"start":{"line":123,"column":46},"end":{"line":132,"column":null}},"line":123},"6":{"name":"(anonymous_6)","decl":{"start":{"line":135,"column":8},"end":{"line":135,"column":31}},"loc":{"start":{"line":135,"column":31},"end":{"line":140,"column":null}},"line":135},"7":{"name":"(anonymous_7)","decl":{"start":{"line":143,"column":8},"end":{"line":143,"column":21}},"loc":{"start":{"line":143,"column":68},"end":{"line":144,"column":null}},"line":143},"8":{"name":"(anonymous_8)","decl":{"start":{"line":144,"column":4},"end":{"line":144,"column":13}},"loc":{"start":{"line":144,"column":22},"end":{"line":144,"column":85}},"line":144},"9":{"name":"(anonymous_9)","decl":{"start":{"line":144,"column":27},"end":{"line":144,"column":32}},"loc":{"start":{"line":144,"column":39},"end":{"line":144,"column":85}},"line":144},"10":{"name":"(anonymous_10)","decl":{"start":{"line":147,"column":8},"end":{"line":147,"column":23}},"loc":{"start":{"line":147,"column":23},"end":{"line":147,"column":61}},"line":147},"11":{"name":"(anonymous_11)","decl":{"start":{"line":147,"column":23},"end":{"line":147,"column":32}},"loc":{"start":{"line":147,"column":41},"end":{"line":147,"column":60}},"line":147},"12":{"name":"(anonymous_12)","decl":{"start":{"line":149,"column":8},"end":{"line":149,"column":21}},"loc":{"start":{"line":149,"column":37},"end":{"line":153,"column":null}},"line":149},"13":{"name":"(anonymous_13)","decl":{"start":{"line":150,"column":4},"end":{"line":150,"column":13}},"loc":{"start":{"line":150,"column":22},"end":{"line":153,"column":null}},"line":150},"14":{"name":"(anonymous_14)","decl":{"start":{"line":151,"column":24},"end":{"line":151,"column":32}},"loc":{"start":{"line":151,"column":38},"end":{"line":151,"column":52}},"line":151},"15":{"name":"(anonymous_15)","decl":{"start":{"line":156,"column":8},"end":{"line":156,"column":31}},"loc":{"start":{"line":156,"column":31},"end":{"line":176,"column":null}},"line":156},"16":{"name":"(anonymous_16)","decl":{"start":{"line":163,"column":6},"end":{"line":163,"column":18}},"loc":{"start":{"line":163,"column":18},"end":{"line":174,"column":null}},"line":163},"17":{"name":"(anonymous_17)","decl":{"start":{"line":180,"column":25},"end":{"line":180,"column":37}},"loc":{"start":{"line":180,"column":37},"end":{"line":221,"column":null}},"line":180},"18":{"name":"(anonymous_18)","decl":{"start":{"line":181,"column":23},"end":{"line":181,"column":31}},"loc":{"start":{"line":181,"column":37},"end":{"line":181,"column":53}},"line":181},"19":{"name":"(anonymous_19)","decl":{"start":{"line":189,"column":47},"end":{"line":189,"column":52}},"loc":{"start":{"line":189,"column":59},"end":{"line":195,"column":9}},"line":189},"20":{"name":"(anonymous_20)","decl":{"start":{"line":198,"column":6},"end":{"line":198,"column":15}},"loc":{"start":{"line":198,"column":24},"end":{"line":216,"column":null}},"line":198},"21":{"name":"(anonymous_21)","decl":{"start":{"line":199,"column":32},"end":{"line":199,"column":37}},"loc":{"start":{"line":199,"column":43},"end":{"line":199,"column":49}},"line":199},"22":{"name":"(anonymous_22)","decl":{"start":{"line":201,"column":20},"end":{"line":201,"column":25}},"loc":{"start":{"line":201,"column":31},"end":{"line":215,"column":null}},"line":201},"23":{"name":"(anonymous_23)","decl":{"start":{"line":226,"column":32},"end":{"line":226,"column":39}},"loc":{"start":{"line":226,"column":55},"end":{"line":246,"column":null}},"line":226},"24":{"name":"(anonymous_24)","decl":{"start":{"line":227,"column":21},"end":{"line":227,"column":27}},"loc":{"start":{"line":227,"column":33},"end":{"line":227,"column":47}},"line":227},"25":{"name":"(anonymous_25)","decl":{"start":{"line":251,"column":26},"end":{"line":251,"column":33}},"loc":{"start":{"line":251,"column":48},"end":{"line":277,"column":null}},"line":251},"26":{"name":"(anonymous_26)","decl":{"start":{"line":256,"column":45},"end":{"line":256,"column":50}},"loc":{"start":{"line":256,"column":60},"end":{"line":269,"column":9}},"line":256},"27":{"name":"(anonymous_27)","decl":{"start":{"line":281,"column":21},"end":{"line":281,"column":33}},"loc":{"start":{"line":281,"column":33},"end":{"line":321,"column":null}},"line":281},"28":{"name":"(anonymous_28)","decl":{"start":{"line":286,"column":23},"end":{"line":286,"column":31}},"loc":{"start":{"line":286,"column":37},"end":{"line":286,"column":53}},"line":286},"29":{"name":"(anonymous_29)","decl":{"start":{"line":297,"column":21},"end":{"line":297,"column":26}},"loc":{"start":{"line":297,"column":36},"end":{"line":304,"column":null}},"line":297},"30":{"name":"(anonymous_30)","decl":{"start":{"line":331,"column":6},"end":{"line":331,"column":15}},"loc":{"start":{"line":332,"column":8},"end":{"line":337,"column":null}},"line":332},"31":{"name":"(anonymous_31)","decl":{"start":{"line":334,"column":10},"end":{"line":334,"column":21}},"loc":{"start":{"line":334,"column":27},"end":{"line":334,"column":75}},"line":334},"32":{"name":"(anonymous_32)","decl":{"start":{"line":344,"column":6},"end":{"line":344,"column":15}},"loc":{"start":{"line":345,"column":8},"end":{"line":348,"column":null}},"line":345},"33":{"name":"(anonymous_33)","decl":{"start":{"line":346,"column":36},"end":{"line":346,"column":47}},"loc":{"start":{"line":346,"column":53},"end":{"line":346,"column":105}},"line":346},"34":{"name":"(anonymous_34)","decl":{"start":{"line":348,"column":50},"end":{"line":348,"column":61}},"loc":{"start":{"line":348,"column":67},"end":{"line":348,"column":126}},"line":348},"35":{"name":"(anonymous_35)","decl":{"start":{"line":355,"column":6},"end":{"line":355,"column":15}},"loc":{"start":{"line":356,"column":8},"end":{"line":359,"column":null}},"line":356},"36":{"name":"(anonymous_36)","decl":{"start":{"line":357,"column":36},"end":{"line":357,"column":47}},"loc":{"start":{"line":357,"column":53},"end":{"line":357,"column":109}},"line":357},"37":{"name":"(anonymous_37)","decl":{"start":{"line":359,"column":45},"end":{"line":359,"column":56}},"loc":{"start":{"line":359,"column":62},"end":{"line":359,"column":116}},"line":359},"38":{"name":"(anonymous_38)","decl":{"start":{"line":366,"column":6},"end":{"line":366,"column":15}},"loc":{"start":{"line":366,"column":47},"end":{"line":416,"column":null}},"line":366},"39":{"name":"(anonymous_39)","decl":{"start":{"line":368,"column":58},"end":{"line":368,"column":69}},"loc":{"start":{"line":368,"column":75},"end":{"line":368,"column":135}},"line":368},"40":{"name":"(anonymous_40)","decl":{"start":{"line":375,"column":59},"end":{"line":375,"column":67}},"loc":{"start":{"line":375,"column":73},"end":{"line":375,"column":92}},"line":375},"41":{"name":"(anonymous_41)","decl":{"start":{"line":376,"column":16},"end":{"line":376,"column":27}},"loc":{"start":{"line":376,"column":39},"end":{"line":380,"column":null}},"line":376},"42":{"name":"(anonymous_42)","decl":{"start":{"line":377,"column":69},"end":{"line":377,"column":75}},"loc":{"start":{"line":377,"column":81},"end":{"line":377,"column":101}},"line":377},"43":{"name":"(anonymous_43)","decl":{"start":{"line":384,"column":27},"end":{"line":384,"column":32}},"loc":{"start":{"line":385,"column":20},"end":{"line":385,"column":null}},"line":385},"44":{"name":"(anonymous_44)","decl":{"start":{"line":394,"column":56},"end":{"line":394,"column":62}},"loc":{"start":{"line":394,"column":68},"end":{"line":394,"column":88}},"line":394},"45":{"name":"(anonymous_45)","decl":{"start":{"line":397,"column":14},"end":{"line":397,"column":25}},"loc":{"start":{"line":397,"column":31},"end":{"line":404,"column":null}},"line":397},"46":{"name":"(anonymous_46)","decl":{"start":{"line":399,"column":70},"end":{"line":399,"column":78}},"loc":{"start":{"line":399,"column":84},"end":{"line":399,"column":103}},"line":399},"47":{"name":"(anonymous_47)","decl":{"start":{"line":414,"column":16},"end":{"line":414,"column":31}},"loc":{"start":{"line":414,"column":31},"end":{"line":414,"column":null}},"line":414},"48":{"name":"(anonymous_48)","decl":{"start":{"line":425,"column":6},"end":{"line":425,"column":15}},"loc":{"start":{"line":426,"column":8},"end":{"line":433,"column":null}},"line":426},"49":{"name":"(anonymous_49)","decl":{"start":{"line":429,"column":12},"end":{"line":429,"column":23}},"loc":{"start":{"line":429,"column":29},"end":{"line":429,"column":86}},"line":429},"50":{"name":"(anonymous_50)","decl":{"start":{"line":433,"column":50},"end":{"line":433,"column":61}},"loc":{"start":{"line":433,"column":67},"end":{"line":433,"column":126}},"line":433},"51":{"name":"(anonymous_51)","decl":{"start":{"line":439,"column":6},"end":{"line":439,"column":15}},"loc":{"start":{"line":440,"column":8},"end":{"line":440,"column":null}},"line":440},"52":{"name":"(anonymous_52)","decl":{"start":{"line":440,"column":61},"end":{"line":440,"column":76}},"loc":{"start":{"line":440,"column":76},"end":{"line":440,"column":101}},"line":440},"53":{"name":"(anonymous_53)","decl":{"start":{"line":459,"column":34},"end":{"line":459,"column":39}},"loc":{"start":{"line":459,"column":49},"end":{"line":473,"column":19}},"line":459},"54":{"name":"(anonymous_54)","decl":{"start":{"line":469,"column":24},"end":{"line":469,"column":34}},"loc":{"start":{"line":469,"column":40},"end":{"line":469,"column":null}},"line":469},"55":{"name":"(anonymous_55)","decl":{"start":{"line":474,"column":16},"end":{"line":474,"column":26}},"loc":{"start":{"line":474,"column":38},"end":{"line":474,"column":null}},"line":474},"56":{"name":"(anonymous_56)","decl":{"start":{"line":489,"column":14},"end":{"line":489,"column":25}},"loc":{"start":{"line":489,"column":31},"end":{"line":489,"column":60}},"line":489},"57":{"name":"(anonymous_57)","decl":{"start":{"line":494,"column":14},"end":{"line":494,"column":25}},"loc":{"start":{"line":494,"column":31},"end":{"line":494,"column":null}},"line":494},"58":{"name":"(anonymous_58)","decl":{"start":{"line":523,"column":12},"end":{"line":523,"column":27}},"loc":{"start":{"line":523,"column":36},"end":{"line":523,"column":null}},"line":523}},"branchMap":{"0":{"loc":{"start":{"line":77,"column":22},"end":{"line":77,"column":null}},"type":"cond-expr","locations":[{"start":{"line":77,"column":35},"end":{"line":77,"column":59}},{"start":{"line":77,"column":59},"end":{"line":77,"column":null}}],"line":77},"1":{"loc":{"start":{"line":79,"column":46},"end":{"line":79,"column":77}},"type":"binary-expr","locations":[{"start":{"line":79,"column":46},"end":{"line":79,"column":67}},{"start":{"line":79,"column":67},"end":{"line":79,"column":77}}],"line":79},"2":{"loc":{"start":{"line":80,"column":47},"end":{"line":80,"column":77}},"type":"binary-expr","locations":[{"start":{"line":80,"column":47},"end":{"line":80,"column":74}},{"start":{"line":80,"column":74},"end":{"line":80,"column":77}}],"line":80},"3":{"loc":{"start":{"line":81,"column":45},"end":{"line":81,"column":99}},"type":"binary-expr","locations":[{"start":{"line":81,"column":45},"end":{"line":81,"column":71}},{"start":{"line":81,"column":58},"end":{"line":81,"column":99}}],"line":81},"4":{"loc":{"start":{"line":90,"column":4},"end":{"line":94,"column":null}},"type":"if","locations":[{"start":{"line":90,"column":4},"end":{"line":94,"column":null}},{"start":{},"end":{}}],"line":90},"5":{"loc":{"start":{"line":99,"column":19},"end":{"line":99,"column":null}},"type":"binary-expr","locations":[{"start":{"line":99,"column":19},"end":{"line":99,"column":36}},{"start":{"line":99,"column":40},"end":{"line":99,"column":null}}],"line":99},"6":{"loc":{"start":{"line":114,"column":4},"end":{"line":119,"column":null}},"type":"if","locations":[{"start":{"line":114,"column":4},"end":{"line":119,"column":null}},{"start":{},"end":{}}],"line":114},"7":{"loc":{"start":{"line":128,"column":4},"end":{"line":130,"column":null}},"type":"if","locations":[{"start":{"line":128,"column":4},"end":{"line":130,"column":null}},{"start":{},"end":{}}],"line":128},"8":{"loc":{"start":{"line":144,"column":39},"end":{"line":144,"column":85}},"type":"cond-expr","locations":[{"start":{"line":144,"column":55},"end":{"line":144,"column":82}},{"start":{"line":144,"column":82},"end":{"line":144,"column":85}}],"line":144},"9":{"loc":{"start":{"line":152,"column":13},"end":{"line":152,"column":44}},"type":"cond-expr","locations":[{"start":{"line":152,"column":27},"end":{"line":152,"column":34}},{"start":{"line":152,"column":34},"end":{"line":152,"column":44}}],"line":152},"10":{"loc":{"start":{"line":164,"column":8},"end":{"line":168,"column":null}},"type":"if","locations":[{"start":{"line":164,"column":8},"end":{"line":168,"column":null}},{"start":{},"end":{}}],"line":164},"11":{"loc":{"start":{"line":182,"column":4},"end":{"line":184,"column":null}},"type":"if","locations":[{"start":{"line":182,"column":4},"end":{"line":184,"column":null}},{"start":{},"end":{}}],"line":182},"12":{"loc":{"start":{"line":202,"column":10},"end":{"line":212,"column":null}},"type":"if","locations":[{"start":{"line":202,"column":10},"end":{"line":212,"column":null}},{"start":{},"end":{}}],"line":202},"13":{"loc":{"start":{"line":202,"column":14},"end":{"line":202,"column":66}},"type":"binary-expr","locations":[{"start":{"line":202,"column":14},"end":{"line":202,"column":39}},{"start":{"line":202,"column":43},"end":{"line":202,"column":66}}],"line":202},"14":{"loc":{"start":{"line":206,"column":23},"end":{"line":206,"column":null}},"type":"binary-expr","locations":[{"start":{"line":206,"column":23},"end":{"line":206,"column":36}},{"start":{"line":206,"column":36},"end":{"line":206,"column":null}}],"line":206},"15":{"loc":{"start":{"line":207,"column":27},"end":{"line":207,"column":null}},"type":"binary-expr","locations":[{"start":{"line":207,"column":27},"end":{"line":207,"column":44}},{"start":{"line":207,"column":44},"end":{"line":207,"column":null}}],"line":207},"16":{"loc":{"start":{"line":208,"column":32},"end":{"line":208,"column":null}},"type":"binary-expr","locations":[{"start":{"line":208,"column":32},"end":{"line":208,"column":54}},{"start":{"line":208,"column":54},"end":{"line":208,"column":null}}],"line":208},"17":{"loc":{"start":{"line":210,"column":24},"end":{"line":210,"column":null}},"type":"cond-expr","locations":[{"start":{"line":210,"column":59},"end":{"line":210,"column":84}},{"start":{"line":210,"column":84},"end":{"line":210,"column":null}}],"line":210},"18":{"loc":{"start":{"line":210,"column":84},"end":{"line":210,"column":null}},"type":"binary-expr","locations":[{"start":{"line":210,"column":84},"end":{"line":210,"column":98}},{"start":{"line":210,"column":98},"end":{"line":210,"column":null}}],"line":210},"19":{"loc":{"start":{"line":219,"column":31},"end":{"line":219,"column":71}},"type":"binary-expr","locations":[{"start":{"line":219,"column":31},"end":{"line":219,"column":60}},{"start":{"line":219,"column":60},"end":{"line":219,"column":71}}],"line":219},"20":{"loc":{"start":{"line":228,"column":4},"end":{"line":228,"column":null}},"type":"if","locations":[{"start":{"line":228,"column":4},"end":{"line":228,"column":null}},{"start":{},"end":{}}],"line":228},"21":{"loc":{"start":{"line":228,"column":8},"end":{"line":228,"column":35}},"type":"binary-expr","locations":[{"start":{"line":228,"column":8},"end":{"line":228,"column":16}},{"start":{"line":228,"column":16},"end":{"line":228,"column":35}}],"line":228},"22":{"loc":{"start":{"line":239,"column":6},"end":{"line":241,"column":null}},"type":"if","locations":[{"start":{"line":239,"column":6},"end":{"line":241,"column":null}},{"start":{},"end":{}}],"line":239},"23":{"loc":{"start":{"line":239,"column":10},"end":{"line":239,"column":55}},"type":"binary-expr","locations":[{"start":{"line":239,"column":10},"end":{"line":239,"column":29}},{"start":{"line":239,"column":29},"end":{"line":239,"column":55}}],"line":239},"24":{"loc":{"start":{"line":261,"column":18},"end":{"line":261,"column":null}},"type":"cond-expr","locations":[{"start":{"line":261,"column":53},"end":{"line":261,"column":78}},{"start":{"line":261,"column":78},"end":{"line":261,"column":null}}],"line":261},"25":{"loc":{"start":{"line":261,"column":78},"end":{"line":261,"column":null}},"type":"binary-expr","locations":[{"start":{"line":261,"column":78},"end":{"line":261,"column":92}},{"start":{"line":261,"column":92},"end":{"line":261,"column":null}}],"line":261},"26":{"loc":{"start":{"line":262,"column":26},"end":{"line":262,"column":null}},"type":"binary-expr","locations":[{"start":{"line":262,"column":26},"end":{"line":262,"column":48}},{"start":{"line":262,"column":48},"end":{"line":262,"column":null}}],"line":262},"27":{"loc":{"start":{"line":267,"column":23},"end":{"line":267,"column":null}},"type":"binary-expr","locations":[{"start":{"line":267,"column":23},"end":{"line":267,"column":38}},{"start":{"line":267,"column":38},"end":{"line":267,"column":null}}],"line":267},"28":{"loc":{"start":{"line":273,"column":35},"end":{"line":273,"column":75}},"type":"binary-expr","locations":[{"start":{"line":273,"column":35},"end":{"line":273,"column":64}},{"start":{"line":273,"column":64},"end":{"line":273,"column":75}}],"line":273},"29":{"loc":{"start":{"line":282,"column":4},"end":{"line":284,"column":null}},"type":"if","locations":[{"start":{"line":282,"column":4},"end":{"line":284,"column":null}},{"start":{},"end":{}}],"line":282},"30":{"loc":{"start":{"line":287,"column":4},"end":{"line":289,"column":null}},"type":"if","locations":[{"start":{"line":287,"column":4},"end":{"line":289,"column":null}},{"start":{},"end":{}}],"line":287},"31":{"loc":{"start":{"line":307,"column":6},"end":{"line":311,"column":null}},"type":"if","locations":[{"start":{"line":307,"column":6},"end":{"line":311,"column":null}},{"start":{},"end":{}}],"line":307},"32":{"loc":{"start":{"line":319,"column":31},"end":{"line":319,"column":71}},"type":"binary-expr","locations":[{"start":{"line":319,"column":31},"end":{"line":319,"column":60}},{"start":{"line":319,"column":60},"end":{"line":319,"column":71}}],"line":319},"33":{"loc":{"start":{"line":345,"column":8},"end":{"line":348,"column":null}},"type":"cond-expr","locations":[{"start":{"line":346,"column":10},"end":{"line":348,"column":11}},{"start":{"line":348,"column":10},"end":{"line":348,"column":null}}],"line":345},"34":{"loc":{"start":{"line":346,"column":24},"end":{"line":346,"column":36}},"type":"binary-expr","locations":[{"start":{"line":346,"column":24},"end":{"line":346,"column":32}},{"start":{"line":346,"column":32},"end":{"line":346,"column":36}}],"line":346},"35":{"loc":{"start":{"line":356,"column":8},"end":{"line":359,"column":null}},"type":"cond-expr","locations":[{"start":{"line":357,"column":10},"end":{"line":359,"column":11}},{"start":{"line":359,"column":10},"end":{"line":359,"column":null}}],"line":356},"36":{"loc":{"start":{"line":357,"column":24},"end":{"line":357,"column":36}},"type":"binary-expr","locations":[{"start":{"line":357,"column":24},"end":{"line":357,"column":32}},{"start":{"line":357,"column":32},"end":{"line":357,"column":36}}],"line":357},"37":{"loc":{"start":{"line":367,"column":8},"end":{"line":368,"column":null}},"type":"if","locations":[{"start":{"line":367,"column":8},"end":{"line":368,"column":null}},{"start":{},"end":{}}],"line":367},"38":{"loc":{"start":{"line":373,"column":13},"end":{"line":388,"column":null}},"type":"binary-expr","locations":[{"start":{"line":373,"column":13},"end":{"line":373,"column":24}},{"start":{"line":373,"column":24},"end":{"line":373,"column":null}},{"start":{"line":374,"column":14},"end":{"line":388,"column":null}}],"line":373},"39":{"loc":{"start":{"line":375,"column":24},"end":{"line":375,"column":47}},"type":"binary-expr","locations":[{"start":{"line":375,"column":24},"end":{"line":375,"column":43}},{"start":{"line":375,"column":43},"end":{"line":375,"column":47}}],"line":375},"40":{"loc":{"start":{"line":377,"column":24},"end":{"line":377,"column":null}},"type":"binary-expr","locations":[{"start":{"line":377,"column":24},"end":{"line":377,"column":102}},{"start":{"line":377,"column":106},"end":{"line":377,"column":null}}],"line":377},"41":{"loc":{"start":{"line":377,"column":34},"end":{"line":377,"column":57}},"type":"binary-expr","locations":[{"start":{"line":377,"column":34},"end":{"line":377,"column":53}},{"start":{"line":377,"column":53},"end":{"line":377,"column":57}}],"line":377},"42":{"loc":{"start":{"line":379,"column":18},"end":{"line":379,"column":null}},"type":"if","locations":[{"start":{"line":379,"column":18},"end":{"line":379,"column":null}},{"start":{},"end":{}}],"line":379},"43":{"loc":{"start":{"line":393,"column":16},"end":{"line":395,"column":null}},"type":"cond-expr","locations":[{"start":{"line":393,"column":44},"end":{"line":394,"column":null}},{"start":{"line":395,"column":21},"end":{"line":395,"column":null}}],"line":393},"44":{"loc":{"start":{"line":393,"column":16},"end":{"line":393,"column":null}},"type":"binary-expr","locations":[{"start":{"line":393,"column":16},"end":{"line":393,"column":27}},{"start":{"line":393,"column":27},"end":{"line":393,"column":null}}],"line":393},"45":{"loc":{"start":{"line":393,"column":44},"end":{"line":394,"column":null}},"type":"binary-expr","locations":[{"start":{"line":393,"column":44},"end":{"line":394,"column":89}},{"start":{"line":394,"column":93},"end":{"line":394,"column":null}}],"line":393},"46":{"loc":{"start":{"line":394,"column":21},"end":{"line":394,"column":44}},"type":"binary-expr","locations":[{"start":{"line":394,"column":21},"end":{"line":394,"column":40}},{"start":{"line":394,"column":40},"end":{"line":394,"column":44}}],"line":394},"47":{"loc":{"start":{"line":395,"column":21},"end":{"line":395,"column":null}},"type":"binary-expr","locations":[{"start":{"line":395,"column":21},"end":{"line":395,"column":40}},{"start":{"line":395,"column":40},"end":{"line":395,"column":null}}],"line":395},"48":{"loc":{"start":{"line":398,"column":16},"end":{"line":404,"column":null}},"type":"if","locations":[{"start":{"line":398,"column":16},"end":{"line":404,"column":null}},{"start":{"line":403,"column":23},"end":{"line":404,"column":null}}],"line":398},"49":{"loc":{"start":{"line":398,"column":20},"end":{"line":398,"column":51}},"type":"binary-expr","locations":[{"start":{"line":398,"column":20},"end":{"line":398,"column":31}},{"start":{"line":398,"column":31},"end":{"line":398,"column":51}}],"line":398},"50":{"loc":{"start":{"line":399,"column":35},"end":{"line":399,"column":58}},"type":"binary-expr","locations":[{"start":{"line":399,"column":35},"end":{"line":399,"column":54}},{"start":{"line":399,"column":54},"end":{"line":399,"column":58}}],"line":399},"51":{"loc":{"start":{"line":401,"column":18},"end":{"line":401,"column":null}},"type":"if","locations":[{"start":{"line":401,"column":18},"end":{"line":401,"column":null}},{"start":{},"end":{}}],"line":401},"52":{"loc":{"start":{"line":426,"column":8},"end":{"line":433,"column":null}},"type":"cond-expr","locations":[{"start":{"line":427,"column":10},"end":{"line":433,"column":11}},{"start":{"line":433,"column":10},"end":{"line":433,"column":null}}],"line":426},"53":{"loc":{"start":{"line":428,"column":19},"end":{"line":428,"column":null}},"type":"binary-expr","locations":[{"start":{"line":428,"column":19},"end":{"line":428,"column":27}},{"start":{"line":428,"column":27},"end":{"line":428,"column":null}}],"line":428},"54":{"loc":{"start":{"line":451,"column":11},"end":{"line":452,"column":null}},"type":"binary-expr","locations":[{"start":{"line":451,"column":11},"end":{"line":451,"column":31}},{"start":{"line":451,"column":31},"end":{"line":452,"column":null}}],"line":451},"55":{"loc":{"start":{"line":456,"column":11},"end":{"line":478,"column":null}},"type":"binary-expr","locations":[{"start":{"line":456,"column":11},"end":{"line":456,"column":null}},{"start":{"line":457,"column":12},"end":{"line":478,"column":null}}],"line":456},"56":{"loc":{"start":{"line":494,"column":44},"end":{"line":494,"column":101}},"type":"cond-expr","locations":[{"start":{"line":494,"column":48},"end":{"line":494,"column":70}},{"start":{"line":494,"column":70},"end":{"line":494,"column":101}}],"line":494},"57":{"loc":{"start":{"line":541,"column":7},"end":{"line":544,"column":null}},"type":"binary-expr","locations":[{"start":{"line":541,"column":7},"end":{"line":541,"column":null}},{"start":{"line":542,"column":8},"end":{"line":544,"column":null}}],"line":541}},"s":{"0":1,"1":1,"2":1,"3":73,"4":70,"5":70,"6":70,"7":70,"8":70,"9":70,"10":70,"11":70,"12":70,"13":70,"14":70,"15":70,"16":65,"17":1,"18":1,"19":1,"20":1,"21":70,"22":1,"23":1,"24":1,"25":1,"26":1,"27":1,"28":1,"29":1,"30":1,"31":1,"32":70,"33":0,"34":0,"35":0,"36":0,"37":0,"38":0,"39":0,"40":0,"41":70,"42":0,"43":0,"44":0,"45":0,"46":0,"47":0,"48":0,"49":0,"50":70,"51":1,"52":1,"53":1,"54":1,"55":1,"56":70,"57":16,"58":16,"59":16,"60":70,"61":2,"62":2,"63":70,"64":1,"65":1,"66":2,"67":1,"68":70,"69":0,"70":0,"71":0,"72":0,"73":0,"74":0,"75":0,"76":0,"77":0,"78":0,"79":0,"80":70,"81":5,"82":5,"83":5,"84":1,"85":1,"86":4,"87":4,"88":4,"89":4,"90":4,"91":4,"92":4,"93":4,"94":4,"95":4,"96":4,"97":4,"98":4,"99":0,"100":4,"101":0,"102":4,"103":70,"104":0,"105":0,"106":0,"107":0,"108":0,"109":0,"110":0,"111":0,"112":0,"113":0,"114":0,"115":0,"116":70,"117":0,"118":0,"119":0,"120":0,"121":0,"122":0,"123":0,"124":0,"125":0,"126":0,"127":0,"128":70,"129":2,"130":1,"131":1,"132":1,"133":1,"134":1,"135":0,"136":0,"137":1,"138":1,"139":1,"140":1,"141":1,"142":1,"143":0,"144":0,"145":0,"146":0,"147":1,"148":1,"149":1,"150":1,"151":1,"152":0,"153":1,"154":70,"155":72,"156":16,"157":72,"158":0,"159":0,"160":72,"161":0,"162":0,"163":72,"164":59,"165":0,"166":13,"167":13,"168":13,"169":0,"170":0,"171":0,"172":0,"173":0,"174":0,"175":39,"176":13,"177":0,"178":0,"179":0,"180":0,"181":0,"182":0,"183":0,"184":0,"185":0,"186":72,"187":0,"188":0,"189":72,"190":1,"191":70,"192":1,"193":0,"194":0,"195":0,"196":28,"197":0,"198":0,"199":0},"f":{"0":73,"1":70,"2":65,"3":1,"4":0,"5":0,"6":1,"7":16,"8":16,"9":16,"10":2,"11":2,"12":1,"13":1,"14":2,"15":0,"16":0,"17":5,"18":5,"19":4,"20":4,"21":4,"22":4,"23":0,"24":0,"25":0,"26":0,"27":2,"28":1,"29":1,"30":72,"31":16,"32":72,"33":0,"34":0,"35":72,"36":0,"37":0,"38":72,"39":0,"40":13,"41":0,"42":0,"43":39,"44":13,"45":0,"46":0,"47":0,"48":72,"49":0,"50":0,"51":72,"52":1,"53":1,"54":0,"55":0,"56":28,"57":0,"58":0},"b":{"0":[1,69],"1":[70,69],"2":[70,69],"3":[70,69],"4":[1,64],"5":[1,0],"6":[0,0],"7":[0,0],"8":[16,0],"9":[1,0],"10":[0,0],"11":[1,4],"12":[4,0],"13":[4,4],"14":[4,0],"15":[4,0],"16":[4,0],"17":[0,4],"18":[4,4],"19":[0,0],"20":[0,0],"21":[0,0],"22":[0,0],"23":[0,0],"24":[0,0],"25":[0,0],"26":[0,0],"27":[0,0],"28":[0,0],"29":[1
[...]
,"/Users/berryai/english_tool/frontend/src/pages/SearchPage.tsx": {"path":"/Users/berryai/english_tool/frontend/src/pages/SearchPage.tsx","statementMap":{"0":{"start":{"line":8,"column":18},"end":{"line":8,"column":null}},"1":{"start":{"line":11,"column":16},"end":{"line":11,"column":40}},"2":{"start":{"line":12,"column":18},"end":{"line":12,"column":64}},"3":{"start":{"line":13,"column":18},"end":{"line":13,"column":47}},"4":{"start":{"line":14,"column":19},"end":{"line":14,"column":49}},"5":{"start":{"line":16,"column":23},"end":{"line":29,"column":null}},"6":{"start":{"line":17,"column":4},"end":{"line":19,"column":null}},"7":{"start":{"line":18,"column":6},"end":{"line":18,"column":null}},"8":{"start":{"line":19,"column":6},"end":{"line":19,"column":null}},"9":{"start":{"line":21,"column":4},"end":{"line":21,"column":null}},"10":{"start":{"line":22,"column":4},"end":{"line":22,"column":null}},"11":{"start":{"line":23,"column":4},"end":{"line":29,"column":null}},"12":{"start":{"line":24,"column":19},"end":{"line":24,"column":50}},"13":{"start":{"line":25,"column":6},"end":{"line":25,"column":null}},"14":{"start":{"line":27,"column":6},"end":{"line":27,"column":null}},"15":{"start":{"line":29,"column":6},"end":{"line":29,"column":null}},"16":{"start":{"line":33,"column":25},"end":{"line":42,"column":null}},"17":{"start":{"line":34,"column":4},"end":{"line":34,"column":null}},"18":{"start":{"line":34,"column":36},"end":{"line":34,"column":null}},"19":{"start":{"line":35,"column":4},"end":{"line":42,"column":null}},"20":{"start":{"line":36,"column":6},"end":{"line":36,"column":null}},"21":{"start":{"line":37,"column":6},"end":{"line":39,"column":null}},"22":{"start":{"line":38,"column":8},"end":{"line":38,"column":69}},"23":{"start":{"line":38,"column":25},"end":{"line":38,"column":69}},"24":{"start":{"line":40,"column":6},"end":{"line":40,"column":null}},"25":{"start":{"line":42,"column":6},"end":{"line":42,"column":null}},"26":{"start":{"line":46,"column":18},"end":{"line":121,"column":null}},"27":{"start":{"line":52,"column":8},"end":{"line":58,"column":null}},"28":{"start":{"line":55,"column":33},"end":{"line":55,"column":113}},"29":{"start":{"line":67,"column":8},"end":{"line":70,"column":null}},"30":{"start":{"line":69,"column":31},"end":{"line":69,"column":null}},"31":{"start":{"line":78,"column":8},"end":{"line":81,"column":null}},"32":{"start":{"line":80,"column":31},"end":{"line":80,"column":null}},"33":{"start":{"line":89,"column":8},"end":{"line":92,"column":null}},"34":{"start":{"line":91,"column":31},"end":{"line":91,"column":null}},"35":{"start":{"line":99,"column":8},"end":{"line":108,"column":null}},"36":{"start":{"line":103,"column":12},"end":{"line":105,"column":null}},"37":{"start":{"line":104,"column":14},"end":{"line":104,"column":null}},"38":{"start":{"line":105,"column":14},"end":{"line":105,"column":null}},"39":{"start":{"line":115,"column":8},"end":{"line":118,"column":null}},"40":{"start":{"line":123,"column":2},"end":{"line":147,"column":null}},"41":{"start":{"line":131,"column":27},"end":{"line":131,"column":51}}},"fnMap":{"0":{"name":"SearchPage","decl":{"start":{"line":10,"column":24},"end":{"line":10,"column":37}},"loc":{"start":{"line":10,"column":37},"end":{"line":147,"column":null}},"line":10},"1":{"name":"(anonymous_1)","decl":{"start":{"line":16,"column":23},"end":{"line":16,"column":35}},"loc":{"start":{"line":16,"column":35},"end":{"line":29,"column":null}},"line":16},"2":{"name":"(anonymous_2)","decl":{"start":{"line":33,"column":25},"end":{"line":33,"column":32}},"loc":{"start":{"line":33,"column":102},"end":{"line":42,"column":null}},"line":33},"3":{"name":"(anonymous_3)","decl":{"start":{"line":37,"column":6},"end":{"line":37,"column":18}},"loc":{"start":{"line":38,"column":8},"end":{"line":38,"column":69}},"line":38},"4":{"name":"(anonymous_4)","decl":{"start":{"line":38,"column":13},"end":{"line":38,"column":18}},"loc":{"start":{"line":38,"column":25},"end":{"line":38,"column":69}},"line":38},"5":{"name":"(anonymous_5)","decl":{"start":{"line":51,"column":6},"end":{"line":51,"column":15}},"loc":{"start":{"line":52,"column":8},"end":{"line":58,"column":null}},"line":52},"6":{"name":"(anonymous_6)","decl":{"start":{"line":55,"column":12},"end":{"line":55,"column":27}},"loc":{"start":{"line":55,"column":33},"end":{"line":55,"column":113}},"line":55},"7":{"name":"(anonymous_7)","decl":{"start":{"line":66,"column":6},"end":{"line":66,"column":15}},"loc":{"start":{"line":67,"column":8},"end":{"line":70,"column":null}},"line":67},"8":{"name":"(anonymous_8)","decl":{"start":{"line":69,"column":10},"end":{"line":69,"column":25}},"loc":{"start":{"line":69,"column":31},"end":{"line":69,"column":null}},"line":69},"9":{"name":"(anonymous_9)","decl":{"start":{"line":77,"column":6},"end":{"line":77,"column":15}},"loc":{"start":{"line":78,"column":8},"end":{"line":81,"column":null}},"line":78},"10":{"name":"(anonymous_10)","decl":{"start":{"line":80,"column":10},"end":{"line":80,"column":25}},"loc":{"start":{"line":80,"column":31},"end":{"line":80,"column":null}},"line":80},"11":{"name":"(anonymous_11)","decl":{"start":{"line":88,"column":6},"end":{"line":88,"column":15}},"loc":{"start":{"line":89,"column":8},"end":{"line":92,"column":null}},"line":89},"12":{"name":"(anonymous_12)","decl":{"start":{"line":91,"column":10},"end":{"line":91,"column":25}},"loc":{"start":{"line":91,"column":31},"end":{"line":91,"column":null}},"line":91},"13":{"name":"(anonymous_13)","decl":{"start":{"line":98,"column":6},"end":{"line":98,"column":15}},"loc":{"start":{"line":99,"column":8},"end":{"line":108,"column":null}},"line":99},"14":{"name":"(anonymous_14)","decl":{"start":{"line":102,"column":10},"end":{"line":102,"column":22}},"loc":{"start":{"line":102,"column":28},"end":{"line":105,"column":null}},"line":102},"15":{"name":"(anonymous_15)","decl":{"start":{"line":114,"column":6},"end":{"line":114,"column":15}},"loc":{"start":{"line":115,"column":8},"end":{"line":118,"column":null}},"line":115},"16":{"name":"(anonymous_16)","decl":{"start":{"line":131,"column":10},"end":{"line":131,"column":21}},"loc":{"start":{"line":131,"column":27},"end":{"line":131,"column":51}},"line":131}},"branchMap":{"0":{"loc":{"start":{"line":17,"column":4},"end":{"line":19,"column":null}},"type":"if","locations":[{"start":{"line":17,"column":4},"end":{"line":19,"column":null}},{"start":{},"end":{}}],"line":17},"1":{"loc":{"start":{"line":27,"column":31},"end":{"line":27,"column":71}},"type":"binary-expr","locations":[{"start":{"line":27,"column":31},"end":{"line":27,"column":60}},{"start":{"line":27,"column":60},"end":{"line":27,"column":71}}],"line":27},"2":{"loc":{"start":{"line":34,"column":4},"end":{"line":34,"column":null}},"type":"if","locations":[{"start":{"line":34,"column":4},"end":{"line":34,"column":null}},{"start":{},"end":{}}],"line":34},"3":{"loc":{"start":{"line":34,"column":19},"end":{"line":34,"column":36}},"type":"binary-expr","locations":[{"start":{"line":34,"column":19},"end":{"line":34,"column":31}},{"start":{"line":34,"column":31},"end":{"line":34,"column":36}}],"line":34},"4":{"loc":{"start":{"line":38,"column":25},"end":{"line":38,"column":69}},"type":"cond-expr","locations":[{"start":{"line":38,"column":39},"end":{"line":38,"column":66}},{"start":{"line":38,"column":66},"end":{"line":38,"column":69}}],"line":38},"5":{"loc":{"start":{"line":68,"column":24},"end":{"line":68,"column":null}},"type":"binary-expr","locations":[{"start":{"line":68,"column":24},"end":{"line":68,"column":32}},{"start":{"line":68,"column":32},"end":{"line":68,"column":null}}],"line":68},"6":{"loc":{"start":{"line":79,"column":24},"end":{"line":79,"column":null}},"type":"binary-expr","locations":[{"start":{"line":79,"column":24},"end":{"line":79,"column":32}},{"start":{"line":79,"column":32},"end":{"line":79,"column":null}}],"line":79},"7":{"loc":{"start":{"line":90,"column":24},"end":{"line":90,"column":null}},"type":"binary-expr","locations":[{"start":{"line":90,"column":24},"end":{"line":90,"column":32}},{"start":{"line":90,"column":32},"end":{"line":90,"column":null}}],"line":90},"8":{"loc":{"start":{"line":100,"column":24},"end":{"line":100,"column":null}},"type":"binary-expr","locations":[{"start":{"line":100,"column":24},"end":{"line":100,"column":32}},{"start":{"line":100,"column":32},"end":{"line":100,"column":null}}],"line":100},"9":{"loc":{"start":{"line":103,"column":12},"end":{"line":105,"column":null}},"type":"if","locations":[{"start":{"line":103,"column":12},"end":{"line":105,"column":null}},{"start":{},"end":{}}],"line":103},"10":{"loc":{"start":{"line":103,"column":16},"end":{"line":103,"column":50}},"type":"binary-expr","locations":[{"start":{"line":103,"column":16},"end":{"line":103,"column":37}},{"start":{"line":103,"column":37},"end":{"line":103,"column":50}}],"line":103},"11":{"loc":{"start":{"line":138,"column":7},"end":{"line":147,"column":null}},"type":"binary-expr","locations":[{"start":{"line":138,"column":7},"end":{"line":138,"column":null}},{"start":{"line":139,"column":8},"end":{"line":147,"column":null}}],"line":138}},"s":{"0":1,"1":25,"2":25,"3":25,"4":25,"5":25,"6":4,"7":1,"8":1,"9":3,"10":3,"11":3,"12":3,"13":3,"14":0,"15":3,"16":25,"17":0,"18":0,"19":0,"20":0,"21":0,"22":0,"23":0,"24":0,"25":0,"26":25,"27":6,"28":0,"29":6,"30":0,"31":6,"32":0,"33":6,"34":0,"35":6,"36":0,"37":0,"38":0,"39":6,"40":25,"41":14},"f":{"0":25,"1":4,"2":0,"3":0,"4":0,"5":6,"6":0,"7":6,"8":0,"9":6,"10":0,"11":6,"12":0,"13":6,"14":0,"15":6,"16":14},"b":{"0":[1,3],"1":[0,0],"2":[0,0],"3":[0,0],"4":[0,0],"5":[6,0],"6":[6,3],"7":[6,3],"8":[6,3],"9":[0,0],"10":[0,0],"11":[25,6]},"meta":{"lastBranch":12,"lastFunction":17,"lastStatement":42,"seen":{"s:8:18:8:Infinity":0,"f:10:24:10:37":0,"s:11:16:11:40":1,"s:12:18:12:64":2,"s:13:18:13:47":3,"s:14:19:14:49":4,"s:16:23:29:Infinity":5,"f:16:23:16:35":1,"b:17:4:19:Infinity:undefined:undefined:undefined:undefined":0,"s:17:4:19:Infinity":6,"s:18:6:18:Infinity":7,"s:19:6:19:Infinity":8,"s:21:4:21:Infinity":9,"s:22:4:22:Infinity":10,"s:23:4:29:Infinity":11,"s:24:19:24:50":12,"s:25:6:25:Infinity":13,"s:27:6:27:Infinity":14,"b:27:31:27:60:27:60:27:71":1,"s:29:6:29:Infinity":15,"s:33:25:42:Infinity":16,"f:33:25:33:32":2,"b:34:4:34:Infinity:undefined:undefined:undefined:undefined":2,"s:34:4:34:Infinity":17,"b:34:19:34:31:34:31:34:36":3,"s:34:36:34:Infinity":18,"s:35:4:42:Infinity":19,"s:36:6:36:Infinity":20,"s:37:6:39:Infinity":21,"f:37:6:37:18":3,"s:38:8:38:69":22,"f:38:13:38:18":4,"s:38:25:38:69":23,"b:38:39:38:66:38:66:38:69":4,"s:40:6:40:Infinity":24,"s:42:6:42:Infinity":25,"s:46:18:121:Infinity":26,"f:51:6:51:15":5,"s:52:8:58:Infinity":27,"f:55:12:55:27":6,"s:55:33:55:113":28,"f:66:6:66:15":7,"s:67:8:70:Infinity":29,"b:68:24:68:32:68:32:68:Infinity":5,"f:69:10:69:25":8,"s:69:31:69:Infinity":30,"f:77:6:77:15":9,"s:78:8:81:Infinity":31,"b:79:24:79:32:79:32:79:Infinity":6,"f:80:10:80:25":10,"s:80:31:80:Infinity":32,"f:88:6:88:15":11,"s:89:8:92:Infinity":33,"b:90:24:90:32:90:32:90:Infinity":7,"f:91:10:91:25":12,"s:91:31:91:Infinity":34,"f:98:6:98:15":13,"s:99:8:108:Infinity":35,"b:100:24:100:32:100:32:100:Infinity":8,"f:102:10:102:22":14,"b:103:12:105:Infinity:undefined:undefined:undefined:undefined":9,"s:103:12:105:Infinity":36,"b:103:16:103:37:103:37:103:50":10,"s:104:14:104:Infinity":37,"s:105:14:105:Infinity":38,"f:114:6:114:15":15,"s:115:8:118:Infinity":39,"s:123:2:147:Infinity":40,"f:131:10:131:21":16,"s:131:27:131:51":41,"b:138:7:138:Infinity:139:8:147:Infinity":11}}}
,"/Users/berryai/english_tool/frontend/src/utils/download.ts": {"path":"/Users/berryai/english_tool/frontend/src/utils/download.ts","statementMap":{"0":{"start":{"line":6,"column":14},"end":{"line":6,"column":39}},"1":{"start":{"line":7,"column":12},"end":{"line":7,"column":39}},"2":{"start":{"line":8,"column":2},"end":{"line":8,"column":null}},"3":{"start":{"line":9,"column":2},"end":{"line":9,"column":null}},"4":{"start":{"line":10,"column":2},"end":{"line":10,"column":null}},"5":{"start":{"line":11,"column":2},"end":{"line":11,"column":null}},"6":{"start":{"line":18,"column":13},"end":{"line":18,"column":null}},"7":{"start":{"line":19,"column":16},"end":{"line":19,"column":50}},"8":{"start":{"line":20,"column":2},"end":{"line":20,"column":null}}},"fnMap":{"0":{"name":"downloadBlob","decl":{"start":{"line":5,"column":16},"end":{"line":5,"column":29}},"loc":{"start":{"line":5,"column":59},"end":{"line":11,"column":null}},"line":5},"1":{"name":"extractFilename","decl":{"start":{"line":14,"column":16},"end":{"line":14,"column":null}},"loc":{"start":{"line":17,"column":10},"end":{"line":20,"column":null}},"line":17}},"branchMap":{"0":{"loc":{"start":{"line":18,"column":13},"end":{"line":18,"column":null}},"type":"binary-expr","locations":[{"start":{"line":18,"column":13},"end":{"line":18,"column":47}},{"start":{"line":18,"column":47},"end":{"line":18,"column":null}}],"line":18},"1":{"loc":{"start":{"line":20,"column":9},"end":{"line":20,"column":null}},"type":"cond-expr","locations":[{"start":{"line":20,"column":17},"end":{"line":20,"column":45}},{"start":{"line":20,"column":48},"end":{"line":20,"column":null}}],"line":20}},"s":{"0":1,"1":1,"2":1,"3":1,"4":1,"5":1,"6":4,"7":4,"8":4},"f":{"0":1,"1":4},"b":{"0":[4,1],"1":[2,2]},"meta":{"lastBranch":2,"lastFunction":2,"lastStatement":9,"seen":{"f:5:16:5:29":0,"s:6:14:6:39":0,"s:7:12:7:39":1,"s:8:2:8:Infinity":2,"s:9:2:9:Infinity":3,"s:10:2:10:Infinity":4,"s:11:2:11:Infinity":5,"f:14:16:14:Infinity":1,"s:18:13:18:Infinity":6,"b:18:13:18:47:18:47:18:Infinity":0,"s:19:16:19:50":7,"s:20:2:20:Infinity":8,"b:20:17:20:45:20:48:20:Infinity":1}}}
,"/Users/berryai/english_tool/frontend/src/utils/drafts.ts": {"path":"/Users/berryai/english_tool/frontend/src/utils/drafts.ts","statementMap":{"0":{"start":{"line":12,"column":19},"end":{"line":12,"column":null}},"1":{"start":{"line":13,"column":19},"end":{"line":13,"column":null}},"2":{"start":{"line":16,"column":2},"end":{"line":19,"column":null}},"3":{"start":{"line":17,"column":16},"end":{"line":17,"column":48}},"4":{"start":{"line":18,"column":4},"end":{"line":18,"column":null}},"5":{"start":{"line":18,"column":13},"end":{"line":18,"column":null}},"6":{"start":{"line":20,"column":2},"end":{"line":20,"column":null}},"7":{"start":{"line":24,"column":2},"end":{"line":24,"column":null}},"8":{"start":{"line":28,"column":2},"end":{"line":28,"column":null}},"9":{"start":{"line":32,"column":2},"end":{"line":35,"column":null}},"10":{"start":{"line":33,"column":4},"end":{"line":33,"column":null}},"11":{"start":{"line":35,"column":4},"end":{"line":35,"column":null}},"12":{"start":{"line":40,"column":17},"end":{"line":40,"column":32}},"13":{"start":{"line":41,"column":2},"end":{"line":41,"column":null}},"14":{"start":{"line":42,"column":2},"end":{"line":42,"column":null}},"15":{"start":{"line":43,"column":2},"end":{"line":43,"column":null}},"16":{"start":{"line":47,"column":17},"end":{"line":47,"column":32}},"17":{"start":{"line":48,"column":2},"end":{"line":48,"column":null}},"18":{"start":{"line":49,"column":2},"end":{"line":49,"column":null}},"19":{"start":{"line":50,"column":2},"end":{"line":50,"column":null}},"20":{"start":{"line":54,"column":2},"end":{"line":54,"column":null}},"21":{"start":{"line":55,"column":2},"end":{"line":55,"column":null}}},"fnMap":{"0":{"name":"loadAllDrafts","decl":{"start":{"line":15,"column":16},"end":{"line":15,"column":59}},"loc":{"start":{"line":15,"column":59},"end":{"line":20,"column":null}},"line":15},"1":{"name":"saveAllDrafts","decl":{"start":{"line":23,"column":16},"end":{"line":23,"column":30}},"loc":{"start":{"line":23,"column":65},"end":{"line":24,"column":null}},"line":23},"2":{"name":"getActiveDraftName","decl":{"start":{"line":27,"column":16},"end":{"line":27,"column":52}},"loc":{"start":{"line":27,"column":52},"end":{"line":28,"column":null}},"line":27},"3":{"name":"setActiveDraftName","decl":{"start":{"line":31,"column":16},"end":{"line":31,"column":35}},"loc":{"start":{"line":31,"column":56},"end":{"line":35,"column":null}},"line":31},"4":{"name":"saveDraft","decl":{"start":{"line":39,"column":16},"end":{"line":39,"column":26}},"loc":{"start":{"line":39,"column":84},"end":{"line":43,"column":null}},"line":39},"5":{"name":"deleteDraft","decl":{"start":{"line":46,"column":16},"end":{"line":46,"column":28}},"loc":{"start":{"line":46,"column":69},"end":{"line":50,"column":null}},"line":46},"6":{"name":"clearAllDrafts","decl":{"start":{"line":53,"column":16},"end":{"line":53,"column":33}},"loc":{"start":{"line":53,"column":33},"end":{"line":55,"column":null}},"line":53}},"branchMap":{"0":{"loc":{"start":{"line":18,"column":4},"end":{"line":18,"column":null}},"type":"if","locations":[{"start":{"line":18,"column":4},"end":{"line":18,"column":null}},{"start":{},"end":{}}],"line":18},"1":{"loc":{"start":{"line":32,"column":2},"end":{"line":35,"column":null}},"type":"if","locations":[{"start":{"line":32,"column":2},"end":{"line":35,"column":null}},{"start":{"line":34,"column":9},"end":{"line":35,"column":null}}],"line":32}},"s":{"0":2,"1":2,"2":89,"3":89,"4":89,"5":12,"6":78,"7":12,"8":74,"9":8,"10":5,"11":3,"12":7,"13":7,"14":7,"15":7,"16":2,"17":2,"18":2,"19":2,"20":1,"21":1},"f":{"0":89,"1":12,"2":74,"3":8,"4":7,"5":2,"6":1},"b":{"0":[12,77],"1":[5,3]},"meta":{"lastBranch":2,"lastFunction":7,"lastStatement":22,"seen":{"s:12:19:12:Infinity":0,"s:13:19:13:Infinity":1,"f:15:16:15:59":0,"s:16:2:19:Infinity":2,"s:17:16:17:48":3,"b:18:4:18:Infinity:undefined:undefined:undefined:undefined":0,"s:18:4:18:Infinity":4,"s:18:13:18:Infinity":5,"s:20:2:20:Infinity":6,"f:23:16:23:30":1,"s:24:2:24:Infinity":7,"f:27:16:27:52":2,"s:28:2:28:Infinity":8,"f:31:16:31:35":3,"b:32:2:35:Infinity:34:9:35:Infinity":1,"s:32:2:35:Infinity":9,"s:33:4:33:Infinity":10,"s:35:4:35:Infinity":11,"f:39:16:39:26":4,"s:40:17:40:32":12,"s:41:2:41:Infinity":13,"s:42:2:42:Infinity":14,"s:43:2:43:Infinity":15,"f:46:16:46:28":5,"s:47:17:47:32":16,"s:48:2:48:Infinity":17,"s:49:2:49:Infinity":18,"s:50:2:50:Infinity":19,"f:53:16:53:33":6,"s:54:2:54:Infinity":20,"s:55:2:55:Infinity":21}}}
,"/Users/berryai/english_tool/frontend/src/utils/labels.ts": {"path":"/Users/berryai/english_tool/frontend/src/utils/labels.ts","statementMap":{"0":{"start":{"line":4,"column":51},"end":{"line":8,"column":null}},"1":{"start":{"line":10,"column":53},"end":{"line":16,"column":null}},"2":{"start":{"line":18,"column":54},"end":{"line":23,"column":null}}},"fnMap":{},"branchMap":{},"s":{"0":3,"1":3,"2":3},"f":{},"b":{},"meta":{"lastBranch":0,"lastFunction":0,"lastStatement":3,"seen":{"s:4:51:8:Infinity":0,"s:10:53:16:Infinity":1,"s:18:54:23:Infinity":2}}}
}
